2024-04-05 18:48:59,400 [INFO] Activator:176 - 


2024-04-05 18:48:59,404 [INFO] Activator:177 - !SESSION log4j initialized
2024-04-05 18:49:01,981 [INFO] LogOutputStream:77 - [STDOUT_REDIRECT] 
2024-04-05 18:49:03,544 [INFO] ApplicationProperties:184 - Using Application install path: /opt/st/stm32cubeide_1.14.0/plugins/com.st.stm32cube.common.mx_6.10.0.202311202037
2024-04-05 18:49:03,556 [INFO] DbMcusXml:78 - Set database path to: /opt/st/stm32cubeide_1.14.0/plugins/com.st.stm32cube.common.mx_6.10.0.202311202037//db//mcu/
2024-04-05 18:49:03,556 [INFO] ApiDb:274 - Set plugin database path to: /opt/st/stm32cubeide_1.14.0/plugins/com.st.stm32cube.common.mx_6.10.0.202311202037//db//plugins/boardmanager/
2024-04-05 18:49:03,556 [WARN] ApiDb:259 - Overriding images path with different value:  => /opt/st/stm32cubeide_1.14.0/plugins/com.st.stm32cube.common.mx_6.10.0.202311202037//db//plugins/mcufinder/images/
2024-04-05 18:49:03,561 [INFO] ApiDb:250 - Set database path to: /home/hk/.stmcufinder/plugins/mcufinder//mcu/
2024-04-05 18:49:03,561 [INFO] DbMcusAds:125 - Set database path to: /home/hk/.stmcufinder/plugins/mcufinder//mcu/
2024-04-05 18:49:03,563 [INFO] CrossReferenceDbSqlite:203 - Set database path to: /home/hk/.stmcufinder/plugins/mcufinder//mcu/cs/
2024-04-05 18:49:03,625 [INFO] RulesReader:64 - Compatibility file has been processed (297 Rules)
2024-04-05 18:49:03,670 [INFO] DbMcusXml:78 - Set database path to: /opt/st/stm32cubeide_1.14.0/plugins/com.st.stm32cube.common.mx_6.10.0.202311202037//db//mcu/
2024-04-05 18:49:03,670 [INFO] ApiDb:274 - Set plugin database path to: /opt/st/stm32cubeide_1.14.0/plugins/com.st.stm32cube.common.mx_6.10.0.202311202037//db//plugins/boardmanager/
2024-04-05 18:49:03,670 [INFO] ApiDb:261 - Set plugin images path to: /opt/st/stm32cubeide_1.14.0/plugins/com.st.stm32cube.common.mx_6.10.0.202311202037//db//plugins/mcufinder/images/
2024-04-05 18:49:03,670 [WARN] DbFile:41 - Overriding database path with different value: /home/hk/.stmcufinder/plugins/mcufinder/ => /home/hk/.stmcufinder/plugins/mcufinder
2024-04-05 18:49:03,670 [INFO] ApiDb:250 - Set database path to: /home/hk/.stmcufinder/plugins/mcufinder//mcu/
2024-04-05 18:49:03,670 [WARN] DbFile:41 - Overriding database path with different value: /home/hk/.stmcufinder/plugins/mcufinder/ => /home/hk/.stmcufinder/plugins/mcufinder
2024-04-05 18:49:03,670 [INFO] DbMcusAds:125 - Set database path to: /home/hk/.stmcufinder/plugins/mcufinder//mcu/
2024-04-05 18:49:03,671 [WARN] DbFile:41 - Overriding database path with different value: /home/hk/.stmcufinder/plugins/mcufinder/ => /home/hk/.stmcufinder/plugins/mcufinder
2024-04-05 18:49:03,671 [WARN] DbFile:41 - Overriding database path with different value: /home/hk/.stmcufinder/plugins/mcufinder/ => /home/hk/.stmcufinder/plugins/mcufinder
2024-04-05 18:49:03,671 [INFO] CrossReferenceDbSqlite:203 - Set database path to: /home/hk/.stmcufinder/plugins/mcufinder//mcu/cs/
2024-04-05 18:49:03,715 [INFO] MainPanel:264 - HeapMemory: 268435456
2024-04-05 18:49:03,772 [INFO] DbMcusXml:78 - Set database path to: /opt/st/stm32cubeide_1.14.0/plugins/com.st.stm32cube.common.mx_6.10.0.202311202037//db//mcu/
2024-04-05 18:49:03,772 [INFO] ApiDb:274 - Set plugin database path to: /opt/st/stm32cubeide_1.14.0/plugins/com.st.stm32cube.common.mx_6.10.0.202311202037//db//plugins/boardmanager/
2024-04-05 18:49:03,772 [INFO] ApiDb:261 - Set plugin images path to: /opt/st/stm32cubeide_1.14.0/plugins/com.st.stm32cube.common.mx_6.10.0.202311202037//db//plugins/mcufinder/images/
2024-04-05 18:49:03,772 [WARN] DbFile:41 - Overriding database path with different value: /home/hk/.stmcufinder/plugins/mcufinder/ => /home/hk/.stmcufinder/plugins/mcufinder
2024-04-05 18:49:03,773 [INFO] ApiDb:250 - Set database path to: /home/hk/.stmcufinder/plugins/mcufinder//mcu/
2024-04-05 18:49:03,773 [WARN] DbFile:41 - Overriding database path with different value: /home/hk/.stmcufinder/plugins/mcufinder/ => /home/hk/.stmcufinder/plugins/mcufinder
2024-04-05 18:49:03,773 [INFO] DbMcusAds:125 - Set database path to: /home/hk/.stmcufinder/plugins/mcufinder//mcu/
2024-04-05 18:49:03,773 [WARN] DbFile:41 - Overriding database path with different value: /home/hk/.stmcufinder/plugins/mcufinder/ => /home/hk/.stmcufinder/plugins/mcufinder
2024-04-05 18:49:03,773 [WARN] DbFile:41 - Overriding database path with different value: /home/hk/.stmcufinder/plugins/mcufinder/ => /home/hk/.stmcufinder/plugins/mcufinder
2024-04-05 18:49:03,773 [INFO] CrossReferenceDbSqlite:203 - Set database path to: /home/hk/.stmcufinder/plugins/mcufinder//mcu/cs/
2024-04-05 18:49:03,783 [INFO] ApplicationProperties:184 - Using Application install path: /opt/st/stm32cubeide_1.14.0/plugins/com.st.stm32cube.common.mx_6.10.0.202311202037
2024-04-05 18:49:03,784 [INFO] PluginManage:196 - Search for loadable plugins [exclusion list=, ]
2024-04-05 18:49:03,785 [INFO] PluginManage:310 - Check plugin analytics
2024-04-05 18:49:03,867 [INFO] AnalyticsPlugin:253 - Accepted Software Licenses: 
2024-04-05 18:49:03,867 [INFO] AnalyticsPlugin:255 - Accepted CMSIS Pack Licenses: 
2024-04-05 18:49:03,867 [INFO] AnalyticsPlugin:257 - Accepted Firmware Licenses: FW.G0.1.6.0,FW.L4.1.18.0
2024-04-05 18:49:03,870 [INFO] PluginManage:359 - Loaded plugin analytics (category:tool,tabindex:-1)
2024-04-05 18:49:03,870 [INFO] PluginManage:310 - Check plugin cadmodel
2024-04-05 18:49:03,928 [INFO] CADModel:105 - Init CAD model plugin
2024-04-05 18:49:03,928 [INFO] PluginManage:359 - Loaded plugin cadmodel (category:power,tabindex:5)
2024-04-05 18:49:03,929 [INFO] PluginManage:310 - Check plugin clock
2024-04-05 18:49:03,937 [INFO] PluginManage:359 - Loaded plugin clock (category:base,tabindex:2)
2024-04-05 18:49:03,938 [INFO] PluginManage:310 - Check plugin ddr
2024-04-05 18:49:03,941 [INFO] PluginManage:359 - Loaded plugin ddr (category:tool,tabindex:6)
2024-04-05 18:49:03,941 [INFO] PluginManage:310 - Check plugin filemanager
2024-04-05 18:49:04,054 [INFO] PluginManage:359 - Loaded plugin filemanager (category:base,tabindex:10)
2024-04-05 18:49:04,054 [INFO] PluginManage:310 - Check plugin ipmanager
2024-04-05 18:49:04,060 [INFO] PluginManage:359 - Loaded plugin ipmanager (category:base,tabindex:5)
2024-04-05 18:49:04,060 [INFO] PluginManage:310 - Check plugin lpbam
2024-04-05 18:49:04,068 [INFO] PluginManage:359 - Loaded plugin lpbam (category:base,tabindex:0)
2024-04-05 18:49:04,069 [INFO] PluginManage:310 - Check plugin memorymap
2024-04-05 18:49:04,079 [INFO] PluginManage:359 - Loaded plugin memorymap (category:base,tabindex:4)
2024-04-05 18:49:04,080 [INFO] PluginManage:310 - Check plugin pinoutandconfiguration
2024-04-05 18:49:04,087 [INFO] PluginManage:359 - Loaded plugin pinoutandconfiguration (category:base,tabindex:1)
2024-04-05 18:49:04,088 [INFO] PluginManage:310 - Check plugin pinoutconfig
2024-04-05 18:49:04,159 [WARN] SupportedApi:132 - Cannot load RTOS API schema: s4s-elt-must-match.1: The content of 'definitions' must match (annotation?, (simpleType | complexType)?, (unique | key | keyref)*)). A problem was found starting at: attribute.
2024-04-05 18:49:04,252 [INFO] PluginManage:359 - Loaded plugin pinoutconfig (category:base,tabindex:0)
2024-04-05 18:49:04,252 [INFO] PluginManage:310 - Check plugin power
2024-04-05 18:49:04,259 [INFO] PluginManage:359 - Loaded plugin power (category:power,tabindex:4)
2024-04-05 18:49:04,259 [INFO] PluginManage:310 - Check plugin projectmanager
2024-04-05 18:49:04,270 [INFO] PluginManage:359 - Loaded plugin projectmanager (category:projectmanager,tabindex:3)
2024-04-05 18:49:04,270 [INFO] PluginManage:310 - Check plugin thirdparty
2024-04-05 18:49:04,358 [INFO] PluginManage:359 - Loaded plugin thirdparty (category:base,tabindex:-1)
2024-04-05 18:49:04,358 [WARN] IntegrityCheckThread:84 - waiting for thirdparty lock release [integrity check]
2024-04-05 18:49:04,358 [INFO] PluginManage:310 - Check plugin tools
2024-04-05 18:49:04,358 [INFO] IntegrityCheckThread:86 - entering critical section [integrity check]
2024-04-05 18:49:04,359 [INFO] ThirdPartyUpdaterWithRetryManager:70 - Updater plugin not ready yet. [1/15]
2024-04-05 18:49:04,360 [INFO] PluginManage:359 - Loaded plugin tools (category:base,tabindex:7)
2024-04-05 18:49:04,360 [INFO] PluginManage:310 - Check plugin tutovideos
2024-04-05 18:49:04,466 [INFO] PluginManage:359 - Loaded plugin tutovideos (category:base,tabindex:-1)
2024-04-05 18:49:04,466 [INFO] PluginManage:310 - Check plugin updater
2024-04-05 18:49:04,475 [INFO] PluginManage:359 - Loaded plugin updater (category:base,tabindex:12)
2024-04-05 18:49:04,475 [INFO] PluginManage:310 - Check plugin userauth
2024-04-05 18:49:04,478 [INFO] UserAuth:114 - Init User Auth plugin
2024-04-05 18:49:04,478 [INFO] PluginManage:359 - Loaded plugin userauth (category:base,tabindex:14)
2024-04-05 18:49:04,478 [INFO] PluginManage:283 - PluginManage : Loaded plugins [17]
2024-04-05 18:49:04,611 [INFO] PinOutPanel:1499 - setPackage(No Configuration,No Configuration)
2024-04-05 18:49:04,658 [INFO] CADModel:165 - CPN selected for project level
2024-04-05 18:49:04,659 [INFO] CADModel:114 - Register for checkConnection events
2024-04-05 18:49:04,670 [INFO] IPUIPlugin:80 - create IPUIPlugin
2024-04-05 18:49:04,670 [INFO] PluginManager:220 - loadIPPluginJar : add pdm2pcm
2024-04-05 18:49:04,672 [INFO] IPUIPlugin:80 - create IPUIPlugin
2024-04-05 18:49:04,672 [INFO] PluginManager:220 - loadIPPluginJar : add hash
2024-04-05 18:49:04,675 [INFO] IPUIPlugin:80 - create IPUIPlugin
2024-04-05 18:49:04,676 [INFO] PluginManager:220 - loadIPPluginJar : add resmgrutility
2024-04-05 18:49:04,677 [INFO] IPUIPlugin:80 - create IPUIPlugin
2024-04-05 18:49:04,677 [INFO] PluginManager:220 - loadIPPluginJar : add i2c
2024-04-05 18:49:04,681 [INFO] IPUIPlugin:80 - create IPUIPlugin
2024-04-05 18:49:04,681 [INFO] PluginManager:220 - loadIPPluginJar : add linkedlist
2024-04-05 18:49:04,683 [INFO] IPUIPlugin:80 - create IPUIPlugin
2024-04-05 18:49:04,683 [INFO] PluginManager:220 - loadIPPluginJar : add spi
2024-04-05 18:49:04,684 [INFO] IPUIPlugin:80 - create IPUIPlugin
2024-04-05 18:49:04,684 [INFO] PluginManager:220 - loadIPPluginJar : add i2s
2024-04-05 18:49:04,685 [INFO] IPUIPlugin:80 - create IPUIPlugin
2024-04-05 18:49:04,685 [INFO] PluginManager:220 - loadIPPluginJar : add can
2024-04-05 18:49:04,686 [INFO] IPUIPlugin:80 - create IPUIPlugin
2024-04-05 18:49:04,686 [INFO] PluginManager:220 - loadIPPluginJar : add usart
2024-04-05 18:49:04,688 [INFO] IPUIPlugin:80 - create IPUIPlugin
2024-04-05 18:49:04,688 [INFO] PluginManager:220 - loadIPPluginJar : add quadspi
2024-04-05 18:49:04,689 [INFO] IPUIPlugin:80 - create IPUIPlugin
2024-04-05 18:49:04,689 [INFO] PluginManager:220 - loadIPPluginJar : add aes
2024-04-05 18:49:04,692 [INFO] IPUIPlugin:80 - create IPUIPlugin
2024-04-05 18:49:04,694 [INFO] PluginManager:220 - loadIPPluginJar : add plateformsettings
2024-04-05 18:49:04,698 [INFO] IPUIPlugin:80 - create IPUIPlugin
2024-04-05 18:49:04,698 [INFO] PluginManager:220 - loadIPPluginJar : add gic
2024-04-05 18:49:04,699 [INFO] IPUIPlugin:80 - create IPUIPlugin
2024-04-05 18:49:04,699 [INFO] PluginManager:220 - loadIPPluginJar : add tsc
2024-04-05 18:49:04,700 [INFO] IPUIPlugin:80 - create IPUIPlugin
2024-04-05 18:49:04,700 [INFO] PluginManager:220 - loadIPPluginJar : add opamp
2024-04-05 18:49:04,702 [INFO] IPUIPlugin:80 - create IPUIPlugin
2024-04-05 18:49:04,702 [INFO] PluginManager:220 - loadIPPluginJar : add cryp
2024-04-05 18:49:04,703 [INFO] IPUIPlugin:80 - create IPUIPlugin
2024-04-05 18:49:04,703 [INFO] PluginManager:220 - loadIPPluginJar : add tracer_emb
2024-04-05 18:49:04,707 [INFO] IPUIPlugin:80 - create IPUIPlugin
2024-04-05 18:49:04,707 [INFO] PluginManager:220 - loadIPPluginJar : add freertos
2024-04-05 18:49:04,712 [INFO] IPUIPlugin:80 - create IPUIPlugin
2024-04-05 18:49:04,712 [INFO] PluginManager:220 - loadIPPluginJar : add mdma
2024-04-05 18:49:04,713 [INFO] IPUIPlugin:80 - create IPUIPlugin
2024-04-05 18:49:04,713 [INFO] PluginManager:220 - loadIPPluginJar : add dfsdm
2024-04-05 18:49:04,719 [INFO] IPUIPlugin:80 - create IPUIPlugin
2024-04-05 18:49:04,719 [INFO] PluginManager:220 - loadIPPluginJar : add adc
2024-04-05 18:49:04,721 [INFO] IPUIPlugin:80 - create IPUIPlugin
2024-04-05 18:49:04,721 [INFO] PluginManager:220 - loadIPPluginJar : add ipddr
2024-04-05 18:49:04,727 [INFO] IPUIPlugin:80 - create IPUIPlugin
2024-04-05 18:49:04,727 [INFO] PluginManager:220 - loadIPPluginJar : add dma
2024-04-05 18:49:04,730 [INFO] IPUIPlugin:80 - create IPUIPlugin
2024-04-05 18:49:04,731 [INFO] PluginManager:220 - loadIPPluginJar : add stm32_wpan
2024-04-05 18:49:04,734 [INFO] IPUIPlugin:80 - create IPUIPlugin
2024-04-05 18:49:04,734 [INFO] PluginManager:220 - loadIPPluginJar : add nvic
2024-04-05 18:49:04,735 [INFO] IPUIPlugin:80 - create IPUIPlugin
2024-04-05 18:49:04,735 [INFO] PluginManager:220 - loadIPPluginJar : add tim
2024-04-05 18:49:04,738 [INFO] IPUIPlugin:80 - create IPUIPlugin
2024-04-05 18:49:04,738 [INFO] PluginManager:220 - loadIPPluginJar : add sai
2024-04-05 18:49:04,740 [INFO] IPUIPlugin:80 - create IPUIPlugin
2024-04-05 18:49:04,740 [INFO] PluginManager:220 - loadIPPluginJar : add gfxmmu
2024-04-05 18:49:04,741 [INFO] IPUIPlugin:80 - create IPUIPlugin
2024-04-05 18:49:04,741 [INFO] PluginManager:220 - loadIPPluginJar : add openamp
2024-04-05 18:49:04,743 [INFO] IPUIPlugin:80 - create IPUIPlugin
2024-04-05 18:49:04,743 [INFO] PluginManager:220 - loadIPPluginJar : add touchsensing
2024-04-05 18:49:04,744 [INFO] IPUIPlugin:80 - create IPUIPlugin
2024-04-05 18:49:04,745 [INFO] PluginManager:220 - loadIPPluginJar : add genericplugin
2024-04-05 18:49:04,746 [INFO] IPUIPlugin:80 - create IPUIPlugin
2024-04-05 18:49:04,746 [INFO] PluginManager:220 - loadIPPluginJar : add ts
2024-04-05 18:49:04,749 [INFO] IPUIPlugin:80 - create IPUIPlugin
2024-04-05 18:49:04,749 [INFO] PluginManager:220 - loadIPPluginJar : add fmc
2024-04-05 18:49:04,750 [INFO] IPUIPlugin:80 - create IPUIPlugin
2024-04-05 18:49:04,750 [INFO] PluginManager:220 - loadIPPluginJar : add ucpd
2024-04-05 18:49:04,753 [INFO] IPUIPlugin:80 - create IPUIPlugin
2024-04-05 18:49:04,753 [INFO] PluginManager:220 - loadIPPluginJar : add usbx
2024-04-05 18:49:04,754 [INFO] IPUIPlugin:80 - create IPUIPlugin
2024-04-05 18:49:04,754 [INFO] PluginManager:220 - loadIPPluginJar : add lorawan
2024-04-05 18:49:04,756 [INFO] IPUIPlugin:80 - create IPUIPlugin
2024-04-05 18:49:04,756 [INFO] PluginManager:220 - loadIPPluginJar : add i3c
2024-04-05 18:49:04,757 [INFO] IPUIPlugin:80 - create IPUIPlugin
2024-04-05 18:49:04,757 [INFO] PluginManager:220 - loadIPPluginJar : add fatfs
2024-04-05 18:49:04,759 [INFO] IPUIPlugin:80 - create IPUIPlugin
2024-04-05 18:49:04,759 [INFO] PluginManager:220 - loadIPPluginJar : add dma3
2024-04-05 18:49:04,760 [INFO] IPUIPlugin:80 - create IPUIPlugin
2024-04-05 18:49:04,760 [INFO] PluginManager:220 - loadIPPluginJar : add comp
2024-04-05 18:49:04,763 [INFO] IPUIPlugin:80 - create IPUIPlugin
2024-04-05 18:49:04,763 [INFO] PluginManager:220 - loadIPPluginJar : add gpio
2024-04-05 18:49:04,765 [INFO] IPUIPlugin:80 - create IPUIPlugin
2024-04-05 18:49:04,765 [INFO] PluginManager:220 - loadIPPluginJar : add gtzc
2024-04-05 18:49:04,766 [INFO] IPUIPlugin:80 - create IPUIPlugin
2024-04-05 18:49:04,766 [INFO] PluginManager:220 - loadIPPluginJar : add ltdc
2024-04-05 18:49:04,863 [INFO] CADModel:165 - CPN selected for project level
2024-04-05 18:49:04,863 [INFO] CADModel:114 - Register for checkConnection events
2024-04-05 18:49:04,864 [FATAL] Updater:308 - Updater called before beeing initialized
2024-04-05 18:49:04,864 [ERROR] CADModel:125 - Updater not yet initialized, retry later 
2024-04-05 18:49:04,934 [INFO] CADModel:165 - CPN selected for project level
2024-04-05 18:49:04,935 [INFO] CADModel:114 - Register for checkConnection events
2024-04-05 18:49:04,935 [FATAL] Updater:308 - Updater called before beeing initialized
2024-04-05 18:49:04,935 [ERROR] CADModel:125 - Updater not yet initialized, retry later 
2024-04-05 18:49:04,936 [FATAL] Updater:308 - Updater called before beeing initialized
2024-04-05 18:49:04,991 [FATAL] Updater:308 - Updater called before beeing initialized
2024-04-05 18:49:04,993 [INFO] DbMcusAds:53 - JSON generation date=Wed Nov 29 13:52:27 TRT 2023 (1701255147349)
2024-04-05 18:49:04,994 [FATAL] Updater:308 - Updater called before beeing initialized
2024-04-05 18:49:05,013 [WARN] DetailPanel:346 - Failed to get advertising image, set to default
2024-04-05 18:49:05,081 [FATAL] Updater:308 - Updater called before beeing initialized
2024-04-05 18:49:05,083 [FATAL] Updater:308 - Updater called before beeing initialized
2024-04-05 18:49:05,083 [FATAL] Updater:308 - Updater called before beeing initialized
2024-04-05 18:49:05,083 [WARN] DetailPanel:346 - Failed to get advertising image, set to default
2024-04-05 18:49:05,084 [FATAL] Updater:308 - Updater called before beeing initialized
2024-04-05 18:49:05,137 [ERROR] Updater:1120 - MainUpdater not yet initialized. External WinMGr cannot be set.
2024-04-05 18:49:05,139 [INFO] Updater:1056 - Updater Version found : 6.10.0
2024-04-05 18:49:05,159 [INFO] ApplicationProperties:184 - Using Application install path: /opt/st/stm32cubeide_1.14.0/plugins/com.st.stm32cube.common.mx_6.10.0.202311202037
2024-04-05 18:49:05,555 [INFO] MainUpdater:2873 - connection check result : 10
2024-04-05 18:49:05,556 [INFO] MainUpdater:290 - Updater Check For Update Now.
2024-04-05 18:49:05,556 [INFO] MicroXplorer:498 - Change Database Version : DB.6.0.100
2024-04-05 18:49:05,562 [INFO] McuFinderGlobals:63 - Set McuFinder mode to 2 (CubeIDE integrated)
2024-04-05 18:49:05,731 [INFO] CheckServerUpdateThread:120 - End of CheckServer Thread
2024-04-05 18:49:06,062 [INFO] UserAuth:404 - Internet connection configuration mode: 1
2024-04-05 18:49:06,117 [INFO] JxBrowserEngine:152 - Initiate JxBrowser Engine with user profile folder
2024-04-05 18:49:06,964 [INFO] WebApp:161 - Instantiating new browser for Auth
2024-04-05 18:49:07,428 [WARN] PackLoader:240 - Cannot read IP mode file for STMicroelectronics.X-CUBE-SMBUS.2.1.0
2024-04-05 18:49:07,435 [WARN] PackLoader:240 - Cannot read IP mode file for STMicroelectronics.X-CUBE-TOUCHGFX.4.23.1
2024-04-05 18:49:07,439 [WARN] PackLoader:240 - Cannot read IP mode file for STMicroelectronics.X-CUBE-TOUCHGFX.4.23.0
2024-04-05 18:49:07,488 [WARN] PackLoader:240 - Cannot read IP mode file for STMicroelectronics.X-CUBE-AZRTOS-F7.1.1.0
2024-04-05 18:49:07,508 [WARN] PackLoader:240 - Cannot read IP mode file for STMicroelectronics.FP-SNS-MOTENV1.4.3.2
2024-04-05 18:49:07,516 [INFO] WebApp:780 - Register for checkConnection events
2024-04-05 18:49:07,517 [INFO] WebApp:414 - Apply proxy settings
2024-04-05 18:49:07,517 [INFO] WebApp:499 - Chromium requires no authentication
2024-04-05 18:49:07,519 [WARN] PackLoader:240 - Cannot read IP mode file for STMicroelectronics.FP-SNS-FLIGHT1.5.0.2
2024-04-05 18:49:07,530 [INFO] WebApp:442 - Direct internet connection detected
2024-04-05 18:49:07,533 [WARN] PackLoader:240 - Cannot read IP mode file for STMicroelectronics.X-CUBE-DISPLAY.3.0.0
2024-04-05 18:49:07,552 [WARN] PackLoader:240 - Cannot read IP mode file for STMicroelectronics.X-CUBE-BLE1.7.0.0
2024-04-05 18:49:07,561 [WARN] PackLoader:240 - Cannot read IP mode file for emotas.I-CUBE-CANOPEN.1.3.0
2024-04-05 18:49:07,568 [WARN] PackLoader:240 - Cannot read IP mode file for STMicroelectronics.X-CUBE-TOUCHGFX.4.22.1
2024-04-05 18:49:07,580 [WARN] PackLoader:240 - Cannot read IP mode file for STMicroelectronics.X-CUBE-BLEMGR.3.1.0
2024-04-05 18:49:07,590 [WARN] PackLoader:240 - Cannot read IP mode file for STMicroelectronics.FP-SNS-SMARTAG2.1.2.0
2024-04-05 18:49:07,605 [INFO] LogOutputStream:77 - [STDOUT_REDIRECT] 1 : Invalid condition id : UX_CORESTACK_Condition cause : null
2024-04-05 18:49:07,607 [INFO] LogOutputStream:77 - [STDOUT_REDIRECT] 1 : Invalid condition id : UX_CORESTACK_Condition cause : null
2024-04-05 18:49:07,607 [INFO] LogOutputStream:77 - [STDOUT_REDIRECT] 1 : Invalid condition id : UX_CORESTACK_Condition cause : null
2024-04-05 18:49:07,607 [INFO] LogOutputStream:77 - [STDOUT_REDIRECT] 1 : Invalid condition id : UX_CORESTACK_Condition cause : null
2024-04-05 18:49:07,607 [INFO] LogOutputStream:77 - [STDOUT_REDIRECT] 1 : Invalid condition id : UX_CORESTACK_Condition cause : null
2024-04-05 18:49:07,611 [WARN] PackLoader:240 - Cannot read IP mode file for STMicroelectronics.X-CUBE-AZRTOS-WL.2.0.0
2024-04-05 18:49:07,621 [WARN] PackLoader:240 - Cannot read IP mode file for STMicroelectronics.FP-SNS-MOTENV1.5.0.0
2024-04-05 18:49:07,630 [WARN] PackLoader:240 - Cannot read IP mode file for WES.I-CUBE-Cesium.1.3.0
2024-04-05 18:49:07,636 [WARN] PackLoader:240 - Cannot read IP mode file for STMicroelectronics.X-CUBE-BLE2.3.3.0
2024-04-05 18:49:07,643 [WARN] PackLoader:240 - Cannot read IP mode file for STMicroelectronics.X-CUBE-ALGOBUILD.1.3.0
2024-04-05 18:49:07,652 [WARN] PackLoader:240 - Cannot read IP mode file for STMicroelectronics.X-CUBE-AZRTOS-G0.1.1.0
2024-04-05 18:49:07,659 [WARN] PackLoader:240 - Cannot read IP mode file for STMicroelectronics.X-CUBE-SAFEA1.1.2.2
2024-04-05 18:49:07,663 [WARN] PackLoader:240 - Cannot read IP mode file for STMicroelectronics.X-CUBE-NFC4.3.0.0
2024-04-05 18:49:07,669 [WARN] PackLoader:240 - Cannot read IP mode file for STMicroelectronics.X-CUBE-BLEMGR.3.0.0
2024-04-05 18:49:07,673 [WARN] PackLoader:240 - Cannot read IP mode file for STMicroelectronics.FP-ATR-SIGFOX1.3.2.0
2024-04-05 18:49:07,679 [WARN] PackLoader:240 - Cannot read IP mode file for STMicroelectronics.X-CUBE-EEPRMA1.5.1.0
2024-04-05 18:49:07,699 [WARN] PackLoader:240 - Cannot read IP mode file for SEGGER.I-CUBE-embOS.1.3.1
2024-04-05 18:49:07,722 [INFO] WebApp:192 - Starting web application
2024-04-05 18:49:07,722 [INFO] WebApp:544 - Web application path used /opt/st/stm32cubeide_1.14.0/plugins/com.st.stm32cube.common.mx_6.10.0.202311202037/db/plugins/mcufinder/reactClient1/index.html
2024-04-05 18:49:07,751 [WARN] PackLoader:240 - Cannot read IP mode file for STMicroelectronics.X-CUBE-GNSS1.6.0.0
2024-04-05 18:49:07,773 [WARN] PackLoader:240 - Cannot read IP mode file for STMicroelectronics.X-CUBE-AZRTOS-F4.1.1.0
2024-04-05 18:49:07,783 [WARN] PackLoader:240 - Cannot read IP mode file for wolfSSL.I-CUBE-wolfSSL.5.6.4
2024-04-05 18:49:07,820 [WARN] PackLoader:240 - Cannot read IP mode file for STMicroelectronics.X-CUBE-AZRTOS-L5.2.0.0
2024-04-05 18:49:07,840 [WARN] PackLoader:240 - Cannot read IP mode file for STMicroelectronics.X-CUBE-EEPRMA1.4.2.0
2024-04-05 18:49:07,851 [WARN] PackLoader:240 - Cannot read IP mode file for STMicroelectronics.X-CUBE-NFC6.3.1.0
2024-04-05 18:49:07,861 [WARN] PackLoader:240 - Cannot read IP mode file for ITTIA_DB.I-CUBE-ITTIADB.8.8.0
2024-04-05 18:49:07,870 [WARN] PackLoader:240 - Cannot read IP mode file for STMicroelectronics.X-CUBE-NFC7.1.0.1
2024-04-05 18:49:07,880 [WARN] PackLoader:240 - Cannot read IP mode file for STMicroelectronics.X-CUBE-NFC6.3.0.0
2024-04-05 18:49:07,888 [WARN] PackLoader:240 - Cannot read IP mode file for STMicroelectronics.X-CUBE-AI.8.1.0
2024-04-05 18:49:07,912 [WARN] ConditionMgr:438 - getConditionDescription Invalid condition id : LAN8742 Phy interface Condition cause : null
2024-04-05 18:49:07,913 [WARN] PackLoader:240 - Cannot read IP mode file for STMicroelectronics.X-CUBE-AZRTOS-L4.2.0.0
2024-04-05 18:49:07,915 [WARN] ConditionMgr:1039 - genDependencies : Invalid condition id : LAN8742 Phy interface Condition cause : null
2024-04-05 18:49:07,916 [WARN] ConditionMgr:1039 - genDependencies : Invalid condition id : LAN8742 Phy interface Condition cause : null
2024-04-05 18:49:07,916 [WARN] ConditionMgr:1039 - genDependencies : Invalid condition id : LAN8742 Phy interface Condition cause : null
2024-04-05 18:49:07,923 [WARN] PackLoader:240 - Cannot read IP mode file for STMicroelectronics.X-CUBE-SFXS2LP1.4.0.0
2024-04-05 18:49:07,935 [WARN] ConditionMgr:438 - getConditionDescription Invalid condition id : UX DEVICE CLASS RTOS Condition cause : null
2024-04-05 18:49:07,935 [WARN] ConditionMgr:438 - getConditionDescription Invalid condition id : UX DEVICE CLASS RTOS Condition cause : null
2024-04-05 18:49:07,937 [WARN] PackLoader:240 - Cannot read IP mode file for STMicroelectronics.X-CUBE-AZRTOS-WB.2.0.0
2024-04-05 18:49:07,938 [WARN] ConditionMgr:1039 - genDependencies : Invalid condition id : UX DEVICE CLASS RTOS Condition cause : null
2024-04-05 18:49:07,938 [WARN] ConditionMgr:1039 - genDependencies : Invalid condition id : UX DEVICE CLASS RTOS Condition cause : null
2024-04-05 18:49:07,938 [WARN] ConditionMgr:1039 - genDependencies : Invalid condition id : UX DEVICE CLASS RTOS Condition cause : null
2024-04-05 18:49:07,939 [WARN] ConditionMgr:1039 - genDependencies : Invalid condition id : UX DEVICE CLASS RTOS Condition cause : null
2024-04-05 18:49:07,939 [WARN] ConditionMgr:1039 - genDependencies : Invalid condition id : UX DEVICE CLASS RTOS Condition cause : null
2024-04-05 18:49:07,949 [WARN] PackLoader:240 - Cannot read IP mode file for STMicroelectronics.X-CUBE-SUBG2.5.0.0
2024-04-05 18:49:07,971 [WARN] PackLoader:240 - Cannot read IP mode file for STMicroelectronics.X-CUBE-AZRTOS-G4.2.0.0
2024-04-05 18:49:07,983 [WARN] PackLoader:240 - Cannot read IP mode file for Infineon.AIROC-Wi-Fi-Bluetooth-STM32.1.5.1
2024-04-05 18:49:08,000 [WARN] PackLoader:240 - Cannot read IP mode file for STMicroelectronics.FP-SNS-MOTENVWB1.1.3.1
2024-04-05 18:49:08,005 [WARN] PackLoader:240 - Cannot read IP mode file for STMicroelectronics.X-CUBE-ISPU.2.0.0
2024-04-05 18:49:08,048 [WARN] PackLoader:240 - Cannot read IP mode file for STMicroelectronics.X-CUBE-MEMS1.10.0.0
2024-04-05 18:49:08,141 [WARN] PackLoader:240 - Cannot read IP mode file for STMicroelectronics.X-CUBE-FREERTOS.1.1.0
2024-04-05 18:49:08,148 [WARN] PackLoader:240 - Cannot read IP mode file for portGmbH.I-Cube-SoM-uGOAL.1.1.0
2024-04-05 18:49:08,155 [WARN] PackLoader:240 - Cannot read IP mode file for STMicroelectronics.X-CUBE-ALS.1.0.1
2024-04-05 18:49:08,161 [WARN] PackLoader:240 - Cannot read IP mode file for STMicroelectronics.FP-ATR-ASTRA1.2.0.0
2024-04-05 18:49:08,181 [WARN] PackLoader:240 - Cannot read IP mode file for STMicroelectronics.X-CUBE-TOF1.3.4.0
2024-04-05 18:49:08,204 [WARN] PackLoader:240 - Cannot read IP mode file for STMicroelectronics.X-CUBE-TOF1.3.4.1
2024-04-05 18:49:08,255 [WARN] PackLoader:240 - Cannot read IP mode file for STMicroelectronics.X-CUBE-AZRTOS-H7.3.2.0
2024-04-05 18:49:08,264 [INFO] ThirdParty:978 - Integrity check success = true
2024-04-05 18:49:08,265 [INFO] IntegrityCheckThread:100 - exiting critical section [integrity check]
2024-04-05 18:49:08,265 [INFO] IntegrityCheckThread:103 - End integrity checks thread
2024-04-05 18:49:28,309 [ERROR] LogOutputStream:75 - [STDERR_REDIRECT] SLF4J: Failed to load class "org.slf4j.impl.StaticLoggerBinder".
2024-04-05 18:49:28,309 [ERROR] LogOutputStream:75 - [STDERR_REDIRECT] SLF4J: Defaulting to no-operation (NOP) logger implementation
2024-04-05 18:49:28,309 [ERROR] LogOutputStream:75 - [STDERR_REDIRECT] SLF4J: See http://www.slf4j.org/codes.html#StaticLoggerBinder for further details.
2024-04-05 18:55:42,029 [INFO] McuFinderGlobals:63 - Set McuFinder mode to 2 (CubeIDE integrated)
2024-04-05 18:55:42,035 [INFO] MainUpdater:2873 - connection check result : 10
2024-04-05 18:55:42,037 [INFO] MainUpdater:2873 - connection check result : 10
2024-04-05 18:55:42,087 [INFO] MicroXplorer:468 - Change Database Path : 
2024-04-05 18:55:42,088 [INFO] MicroXplorer:498 - Change Database Version : DB.6.0.100
2024-04-05 18:55:42,092 [WARN] ThirdParty:871 - waiting for thirdparty lock release [close project]
2024-04-05 18:55:42,092 [INFO] ThirdParty:873 - entering critical section [close project]
2024-04-05 18:55:42,093 [INFO] ThirdParty:883 - exiting critical section [close project]
2024-04-05 18:55:42,095 [INFO] PinOutPanel:1499 - setPackage(No Configuration,No Configuration)
2024-04-05 18:55:42,098 [INFO] UtilMem:75 - Begin LoadConfig() Used Memory: 733804528 Bytes (912261120)
2024-04-05 18:55:42,098 [INFO] MicroXplorer:468 - Change Database Path : 
2024-04-05 18:55:42,098 [INFO] MicroXplorer:498 - Change Database Version : DB.6.0.100
2024-04-05 18:55:42,098 [INFO] OpenFileManager:312 - Change cursor
2024-04-05 18:55:42,121 [INFO] Mcu:2016 - Initializing MCU STM32G071R(6-8-B)Tx STM32G071RBTx STM32G071RBT6
2024-04-05 18:55:42,934 [INFO] Context:659 - Trying to add GPIOservice into a context  which must be forbidden
2024-04-05 18:55:43,356 [INFO] RtosManager:555 - Registered RTOS mode: class=CMSIS, group=RTOS, mode=CMSIS_V1, owner=FREERTOS
2024-04-05 18:55:43,356 [INFO] RtosManager:555 - Registered RTOS mode: class=CMSIS, group=RTOS2, mode=CMSIS_V2, owner=FREERTOS
2024-04-05 18:55:43,356 [INFO] RtosManager:555 - Registered RTOS mode: class=RTOS, group=Core, mode=CMSIS_V1, owner=FREERTOS
2024-04-05 18:55:43,356 [INFO] RtosManager:555 - Registered RTOS mode: class=RTOS, group=Core, mode=CMSIS_V2, owner=FREERTOS
2024-04-05 18:55:43,356 [WARN] ModelIntegratedComponent:184 - Missing modes for component STMicroelectronics:FreeRTOS:0.0.1:STMicroelectronics:RTOS:FreeRTOS:Core:::10.2.0:
2024-04-05 18:55:43,367 [WARN] ModelIntegratedComponent:63 - No mode defined for component null
2024-04-05 18:55:43,368 [WARN] ModelIntegratedComponent:63 - No mode defined for component null
2024-04-05 18:55:43,368 [WARN] ModelIntegratedComponent:63 - No mode defined for component null
2024-04-05 18:55:43,368 [WARN] ModelIntegratedComponent:63 - No mode defined for component null
2024-04-05 18:55:43,368 [WARN] ModelIntegratedComponent:63 - No mode defined for component null
2024-04-05 18:55:43,368 [WARN] ModelIntegratedComponent:63 - No mode defined for component null
2024-04-05 18:55:43,368 [WARN] ModelIntegratedComponent:63 - No mode defined for component null
2024-04-05 18:55:43,368 [WARN] ModelIntegratedComponent:63 - No mode defined for component null
2024-04-05 18:55:43,368 [WARN] ModelIntegratedComponent:63 - No mode defined for component null
2024-04-05 18:55:43,368 [WARN] ModelIntegratedComponent:63 - No mode defined for component null
2024-04-05 18:55:43,368 [WARN] ModelIntegratedComponent:63 - No mode defined for component null
2024-04-05 18:55:43,368 [WARN] ModelIntegratedComponent:63 - No mode defined for component null
2024-04-05 18:55:43,368 [WARN] ModelIntegratedComponent:63 - No mode defined for component null
2024-04-05 18:55:43,368 [WARN] ModelIntegratedComponent:63 - No mode defined for component null
2024-04-05 18:55:43,368 [WARN] ModelIntegratedComponent:63 - No mode defined for component null
2024-04-05 18:55:43,368 [WARN] ModelIntegratedComponent:63 - No mode defined for component null
2024-04-05 18:55:43,368 [WARN] ModelIntegratedComponent:63 - No mode defined for component null
2024-04-05 18:55:43,368 [WARN] ModelIntegratedComponent:63 - No mode defined for component null
2024-04-05 18:55:43,368 [WARN] ModelIntegratedComponent:63 - No mode defined for component null
2024-04-05 18:55:43,368 [WARN] ModelIntegratedComponent:63 - No mode defined for component null
2024-04-05 18:55:43,368 [WARN] ModelIntegratedComponent:63 - No mode defined for component null
2024-04-05 18:55:43,368 [WARN] ModelIntegratedComponent:63 - No mode defined for component null
2024-04-05 18:55:43,368 [WARN] ModelIntegratedComponent:63 - No mode defined for component null
2024-04-05 18:55:43,368 [WARN] ModelIntegratedComponent:63 - No mode defined for component null
2024-04-05 18:55:43,368 [WARN] ModelIntegratedComponent:63 - No mode defined for component null
2024-04-05 18:55:43,369 [WARN] ModelIntegratedComponent:63 - No mode defined for component null
2024-04-05 18:55:43,369 [WARN] ModelIntegratedComponent:63 - No mode defined for component null
2024-04-05 18:55:43,369 [WARN] ModelIntegratedComponent:63 - No mode defined for component null
2024-04-05 18:55:43,369 [WARN] ModelIntegratedComponent:63 - No mode defined for component null
2024-04-05 18:55:43,369 [WARN] ModelIntegratedComponent:63 - No mode defined for component null
2024-04-05 18:55:43,369 [WARN] ModelIntegratedComponent:63 - No mode defined for component null
2024-04-05 18:55:43,369 [WARN] ModelIntegratedComponent:63 - No mode defined for component null
2024-04-05 18:55:43,369 [WARN] ModelIntegratedComponent:63 - No mode defined for component null
2024-04-05 18:55:43,440 [INFO] ThirdPartyModel:298 - Start build external matchings
2024-04-05 18:55:43,683 [INFO] ThirdPartyModel:316 - End build external matchings
2024-04-05 18:55:43,699 [INFO] ImportTextPane:194 - (OptionalMessage_ERROR) IP (RCC) : Invalid parameter (FamilyName)
2024-04-05 18:55:43,903 [INFO] UtilMem:75 - End LoadConfig() Used Memory: 588056128 Bytes (1073741824)
2024-04-05 18:55:43,995 [INFO] ApiDb:581 - Connected to CubeFinder SQLite database (/home/hk/.stmcufinder/plugins/mcufinder/mcu/cube-finder-db.db)
2024-04-05 18:55:44,045 [INFO] ApiDb:668 - CubeFinder database Data Model version=2.1
2024-04-05 18:55:44,045 [INFO] ApiDb:669 - CubeFinder database Configuration version=3.0.39
2024-04-05 18:55:44,046 [INFO] ApiDb:670 - CubeFinder database generation date=2024-02-19 (1708350410)
2024-04-05 18:55:44,046 [INFO] ApiDb:671 - CubeFinder database FW Pack versions=[FP-ATR-ASTRA1_V2.0.0, FP-SNS-FLIGHT1_V5.0.1, FP-SNS-FLIGHT1_V5.0.2, FP-SNS-MOTENV1_V4.3.1, FP-SNS-MOTENV1_V4.3.2, FP-SNS-MOTENVWB1_V1.3.1, FP-SNS-SMARTAG2_V1.2.0, STM32Cube_FW_C0_V1.1.0, STM32Cube_FW_F4_V1.28.0, STM32Cube_FW_F7_V1.17.0, STM32Cube_FW_G0_V1.6.2, STM32Cube_FW_G4_V1.5.2, STM32Cube_FW_H5_V0.5.1, STM32Cube_FW_H5_V1.1.1, STM32Cube_FW_H5_V1.2.0RC2, STM32Cube_FW_H7_V1.11.0, STM32Cube_FW_L0_V1.12.2, STM32Cube_FW_L5_V1.5.0, STM32Cube_FW_U5_V1.3.0RC4, STM32Cube_FW_U5_V1.4.0, STM32Cube_FW_WBA_V1.0.0RC1, STM32Cube_FW_WBA_V1.1.0RC1, STM32Cube_FW_WBA_V1.2.0, STM32Cube_FW_WBA_V1.2.0RC2, STM32Cube_FW_WB_V1.15.0RC1, STM32Cube_FW_WB_V1.16.0, STM32Cube_FW_WB_V1.16.0RC2, STM32Cube_FW_WB_V1.18.0, STM32Cube_FW_WL_V1.3.0, X-CUBE-ALGOBUILD_V1.3.0, X-CUBE-ALS_V1.0.1, X-CUBE-AZRTOS-F4_V1.1.0, X-CUBE-AZRTOS-F7_V1.1.0, X-CUBE-AZRTOS-G0_V1.1.0, X-CUBE-AZRTOS-G4_V2.0.0, X-CUBE-AZRTOS-H7_V3.2.0, X-CUBE-AZRTOS-L4_V1.0.0, X-CUBE-AZRTOS-L4_V2.0.0, X-CUBE-AZRTOS-L5_V1.1.0, X-CUBE-AZRTOS-WB_V2.0.0, X-CUBE-AZRTOS-WL_V2.0.0, X-CUBE-BLE1_V7.0.0, X-CUBE-BLE2_V3.3.0, X-CUBE-BLEMGR_V3.0.0, X-CUBE-EEPRMA1_V4.1.0, X-CUBE-EEPRMA1_V5.1.0, X-CUBE-FREERTOS_V1.1.0, X-CUBE-GNSS1_V6.0.0, X-CUBE-MEMS1_V10.0.0, X-CUBE-MEMS1_V9.1.0, X-CUBE-MEMS1_V9.4.0, X-CUBE-MEMS1_V9.6.0, X-CUBE-NFC4_V3.0.0, X-CUBE-NFC7_V1.0.1, X-CUBE-SFXS2LP1_V4.0.0, X-CUBE-SUBG2_V5.0.0, X-CUBE-TOF1_V3.4.0]
2024-04-05 18:55:45,355 [INFO] ApiDb:240 - Found 371 in-development CPN: [B-G473E-ZEST1S, B-WB1M-WPAN1, B-WL5M-SUBG1, NUCLEO-C031C6, NUCLEO-H503RB, NUCLEO-H563ZI, NUCLEO-U545RE-Q, NUCLEO-U5A5ZJ-Q, NUCLEO-WBA52CG, NUCLEO-WBA55CG, STEVAL-MKBOXPRO, STEVAL-PROTEUS1, STEVAL-STWINBX1, STM320518-EVAL, STM32C0116-DK, STM32C011D6Y3TR, STM32C011D6Y6TR, STM32C011F4P3, STM32C011F4P6, STM32C011F4U3, STM32C011F4U6TR, STM32C011F6P3, STM32C011F6P6, STM32C011F6U3, STM32C011F6U6TR, STM32C011J4M3, STM32C011J4M6, STM32C011J6M3, STM32C011J6M6, STM32C0316-DK, STM32C031C4T3, STM32C031C4T6, STM32C031C4U3, STM32C031C4U6, STM32C031C6T3, STM32C031C6T6, STM32C031C6U3, STM32C031C6U6, STM32C031F4P3, STM32C031F4P6, STM32C031F6P3, STM32C031F6P6, STM32C031G4U3, STM32C031G4U6, STM32C031G6U3, STM32C031G6U6, STM32C031K4T3, STM32C031K4T6, STM32C031K4U3, STM32C031K4U6, STM32C031K6T3, STM32C031K6T6, STM32C031K6U3, STM32C031K6U6, STM32G071K8TXN, STM32G071K8UXN, STM32G081GBU6N, STM32G081KBT6N, STM32G081KBUXN, STM32G0B1CCT6N, STM32G0B1KCT6, STM32G0B1NEY6TR, STM32G0B1RCT6N, STM32G0C1CCT6, STM32G0C1CCT6N, STM32G0C1CCU6N, STM32G0C1CET6N, STM32G0C1CEU6N, STM32G0C1KCT6, STM32G0C1NEY6TR, STM32G0C1RCI6N, STM32G0C1RCT6N, STM32G0C1REI6N, STM32G0C1RET6N, STM32G0C1VCI6, STM32G0C1VEI6, STM32G471CCT6, STM32G471CCU6, STM32G471CET3, STM32G471CET6, STM32G471CEU3, STM32G471CEU6, STM32G471MCT6, STM32G471MET3, STM32G471MET6, STM32G471MEY6TR, STM32G471QCT6, STM32G471QET3, STM32G471RCT6, STM32G471RET3, STM32G471RET6, STM32G471VCH6, STM32G471VCI6, STM32G471VCT6, STM32G471VEH3, STM32G471VEH6, STM32G471VEI3, STM32G471VEI6, STM32G471VET3, STM32G471VET6, STM32G474CCT6, STM32H503CBT6, STM32H503CBU6, STM32H503EBY6TR, STM32H503KBU6, STM32H503RBT6, STM32H562AGI6, STM32H562AII6, STM32H562IGK6, STM32H562IGT6, STM32H562IIK6, STM32H562IIT6, STM32H562RGT6, STM32H562RGV6, STM32H562RIT6, STM32H562RIV6, STM32H562VGT6, STM32H562VIT6, STM32H562ZGT6, STM32H562ZIT6, STM32H563AGI6, STM32H563AII3Q, STM32H563AII6, STM32H563IGK6, STM32H563IGT6, STM32H563IIK3Q, STM32H563IIK6, STM32H563IIT3Q, STM32H563IIT6, STM32H563MIY3QTR, STM32H563RGT6, STM32H563RGV6, STM32H563RIT6, STM32H563RIV6, STM32H563VGT6, STM32H563VIT3Q, STM32H563VIT6, STM32H563ZGT6, STM32H563ZIT3Q, STM32H563ZIT6, STM32H573AII3Q, STM32H573AII6, STM32H573I-DK, STM32H573IIK3Q, STM32H573IIK6, STM32H573IIT3Q, STM32H573IIT6, STM32H573MIY3QTR, STM32H573RIT6, STM32H573RIV6, STM32H573VIT3Q, STM32H573VIT6, STM32H573ZIT3Q, STM32H573ZIT6, STM32L4R5QGI6STR, STM32MP131AAE3, STM32MP131AAF3, STM32MP131AAG3, STM32MP131CAE3, STM32MP131CAF3, STM32MP131CAG3, STM32MP131DAE7, STM32MP131DAF7, STM32MP131DAG7, STM32MP131FAE7, STM32MP131FAF7, STM32MP131FAG7, STM32MP133AAE3, STM32MP133AAF3, STM32MP133AAG3, STM32MP133CAE3, STM32MP133CAF3, STM32MP133CAG3, STM32MP133DAE7, STM32MP133DAF7, STM32MP133DAG7, STM32MP133FAE7, STM32MP133FAF7, STM32MP133FAG7, STM32MP135AAE3, STM32MP135AAF3, STM32MP135AAG3, STM32MP135CAE3, STM32MP135CAF3, STM32MP135CAG3, STM32MP135DAE7, STM32MP135DAF7, STM32MP135DAG7, STM32MP135F-DK, STM32MP135FAE7, STM32MP135FAF7, STM32MP135FAF7T, STM32MP135FAF7U, STM32MP135FAG7, STM32U535CBT6, STM32U535CBT6Q, STM32U535CBU6, STM32U535CBU6Q, STM32U535CCT6, STM32U535CCT6Q, STM32U535CCU6, STM32U535CCU6Q, STM32U535CET6, STM32U535CET6Q, STM32U535CEU6, STM32U535CEU6Q, STM32U535JEY6QTR, STM32U535NCY6QTR, STM32U535NEY6QTR, STM32U535RBI6, STM32U535RBI6Q, STM32U535RBT6, STM32U535RBT6Q, STM32U535RCI6, STM32U535RCI6Q, STM32U535RCT6, STM32U535RCT6Q, STM32U535REI6, STM32U535REI6Q, STM32U535RET6, STM32U535RET6Q, STM32U535VCI6, STM32U535VCI6Q, STM32U535VCT6, STM32U535VCT6Q, STM32U535VEI6, STM32U535VEI6Q, STM32U535VET6, STM32U535VET6Q, STM32U545CET6, STM32U545CET6Q, STM32U545CEU6, STM32U545CEU6Q, STM32U545JEY6QTR, STM32U545NEY6QTR, STM32U545REI6, STM32U545REI6Q, STM32U545RET6, STM32U545RET6Q, STM32U545VEI6, STM32U545VEI6Q, STM32U545VET6, STM32U545VET6Q, STM32U595AIH6, STM32U595AIH6Q, STM32U595AJH6, STM32U595AJH6Q, STM32U595QII6, STM32U595QII6Q, STM32U595QJI6, STM32U595QJI6Q, STM32U595RIT6, STM32U595RIT6Q, STM32U595RJT6, STM32U595RJT6Q, STM32U595VIT6, STM32U595VIT6Q, STM32U595VJT6, STM32U595VJT6Q, STM32U595ZIT6, STM32U595ZIT6Q, STM32U595ZIY6QTR, STM32U595ZJT6, STM32U595ZJT6Q, STM32U595ZJY6QTR, STM32U599BJY6QTR, STM32U599NIH6Q, STM32U599NJH6Q, STM32U599VIT6Q, STM32U599VJT6, STM32U599VJT6Q, STM32U599ZIT6Q, STM32U599ZIY6QTR, STM32U599ZJT6Q, STM32U599ZJY6QTR, STM32U5A5AJH6, STM32U5A5AJH6Q, STM32U5A5QJI6, STM32U5A5QJI6Q, STM32U5A5RJT6, STM32U5A5RJT6Q, STM32U5A5VJT6, STM32U5A5VJT6Q, STM32U5A5ZJT6, STM32U5A5ZJT6Q, STM32U5A5ZJY6QTR, STM32U5A9BJY6QTR, STM32U5A9J-DK, STM32U5A9NJH6Q, STM32U5A9VJT6Q, STM32U5A9ZJT6Q, STM32U5A9ZJY6QTR, STM32U5F7VIT6, STM32U5F7VIT6Q, STM32U5F7VJT6, STM32U5F7VJT6Q, STM32U5F9BJY6QTR, STM32U5F9NJH6Q, STM32U5F9VIT6Q, STM32U5F9VJT6Q, STM32U5F9ZIJ6QTR, STM32U5F9ZIT6Q, STM32U5F9ZJJ6QTR, STM32U5F9ZJT6Q, STM32U5G7VJT6, STM32U5G7VJT6Q, STM32U5G9BJY6QTR, STM32U5G9J-DK1, STM32U5G9J-DK2, STM32U5G9NJH6Q, STM32U5G9VJT6Q, STM32U5G9ZJJ6QTR, STM32U5G9ZJT6Q, STM32WB1MMCH6, STM32WBA50KEU6, STM32WBA50KEU6TR, STM32WBA50KGU6, STM32WBA50KGU6TR, STM32WBA52CEU6, STM32WBA52CEU6TR, STM32WBA52CEU7, STM32WBA52CEU7TR, STM32WBA52CGU6, STM32WBA52CGU6TR, STM32WBA52CGU6U, STM32WBA52CGU7, STM32WBA52CGU7TR, STM32WBA52KEU6, STM32WBA52KEU6TR, STM32WBA52KGU6, STM32WBA52KGU6TR, STM32WBA54CEU6, STM32WBA54CEU6TR, STM32WBA54CEU7, STM32WBA54CEU7TR, STM32WBA54CGU6, STM32WBA54CGU6TR, STM32WBA54CGU7, STM32WBA54CGU7TR, STM32WBA54KEU6, STM32WBA54KEU6TR, STM32WBA54KEU7, STM32WBA54KEU7TR, STM32WBA54KGU6, STM32WBA54KGU6TR, STM32WBA54KGU7, STM32WBA54KGU7TR, STM32WBA55CEU6, STM32WBA55CEU6TR, STM32WBA55CEU7, STM32WBA55CEU7TR, STM32WBA55CGU6, STM32WBA55CGU6TR, STM32WBA55CGU6U, STM32WBA55CGU7, STM32WBA55CGU7TR, STM32WBA55G-DK1, STM32WBA55HEF6, STM32WBA55HEF7, STM32WBA55HGF6, STM32WBA55HGF7, STM32WBA55UEI6, STM32WBA55UEI6TR, STM32WBA55UEI7, STM32WBA55UEI7TR, STM32WBA55UGI6, STM32WBA55UGI6TR, STM32WBA55UGI7, STM32WBA55UGI7TR, STM32WL5MOCH6, STM32WL5MOCH6TR]
2024-04-05 18:55:45,359 [INFO] DbMcus:218 - Found 3930 MCUs, 3930 are supported
2024-04-05 18:55:45,359 [INFO] ApiDb:423 - Load user favorites file /home/hk/.stm32cubeide/favorites.mcus.txt: 0 item(s)
2024-04-05 18:55:45,359 [INFO] ApiDb:427 - User favorites MCUs=[]
2024-04-05 18:55:45,359 [INFO] DbMcus:224 - Set 0 / 0 favorites MCUs
2024-04-05 18:55:45,664 [INFO] MicroXplorer:468 - Change Database Path : 
2024-04-05 18:55:45,664 [INFO] MicroXplorer:498 - Change Database Version : DB.6.0.100
2024-04-05 18:55:45,664 [WARN] ThirdParty:833 - waiting for thirdparty lock release [change project]
2024-04-05 18:55:45,664 [INFO] ThirdParty:835 - entering critical section [change project]
2024-04-05 18:55:45,665 [INFO] ThirdParty:1030 - CMSIS Pack Vendor :STMicroelectronics USBPD 4.1
2024-04-05 18:55:45,665 [INFO] ThirdParty:1030 - CMSIS Pack Vendor :STMicroelectronics X-CUBE-GNSS1 6.0.0
2024-04-05 18:55:45,665 [INFO] ThirdParty:1030 - CMSIS Pack Vendor :STMicroelectronics USB_HOST 2.0.0
2024-04-05 18:55:45,665 [INFO] ThirdParty:1030 - CMSIS Pack Vendor :STMicroelectronics X-CUBE-AZRTOS-F4 1.1.0
2024-04-05 18:55:45,665 [INFO] ThirdParty:1030 - CMSIS Pack Vendor :STMicroelectronics LIBJPEG 8.0.0
2024-04-05 18:55:45,665 [INFO] ThirdParty:1030 - CMSIS Pack Vendor :wolfSSL I-CUBE-wolfSSL 5.6.4
2024-04-05 18:55:45,665 [INFO] ThirdParty:1030 - CMSIS Pack Vendor :STMicroelectronics X-CUBE-SMBUS 2.1.0
2024-04-05 18:55:45,665 [INFO] ThirdParty:1030 - CMSIS Pack Vendor :STMicroelectronics USB_DEVICE 3.0.0
2024-04-05 18:55:45,665 [INFO] ThirdParty:1030 - CMSIS Pack Vendor :STMicroelectronics X-CUBE-AZRTOS-WB 2.0.0
2024-04-05 18:55:45,665 [INFO] ThirdParty:1030 - CMSIS Pack Vendor :STMicroelectronics X-CUBE-TOUCHGFX 4.23.1
2024-04-05 18:55:45,665 [INFO] ThirdParty:1030 - CMSIS Pack Vendor :STMicroelectronics X-CUBE-TOUCHGFX 4.23.0
2024-04-05 18:55:45,665 [INFO] ThirdParty:1030 - CMSIS Pack Vendor :STMicroelectronics X-CUBE-AZRTOS-F7 1.1.0
2024-04-05 18:55:45,665 [INFO] ThirdParty:1030 - CMSIS Pack Vendor :STMicroelectronics X-CUBE-AZRTOS-L5 2.0.0
2024-04-05 18:55:45,665 [INFO] ThirdParty:1030 - CMSIS Pack Vendor :STMicroelectronics USB_DEVICE 2.0.0
2024-04-05 18:55:45,665 [INFO] ThirdParty:1030 - CMSIS Pack Vendor :STMicroelectronics X-CUBE-EEPRMA1 4.2.0
2024-04-05 18:55:45,665 [INFO] ThirdParty:1030 - CMSIS Pack Vendor :STMicroelectronics X-CUBE-NFC6 3.1.0
2024-04-05 18:55:45,665 [INFO] ThirdParty:1030 - CMSIS Pack Vendor :ITTIA_DB I-CUBE-ITTIADB 8.8.0
2024-04-05 18:55:45,665 [INFO] ThirdParty:1030 - CMSIS Pack Vendor :STMicroelectronics FP-SNS-MOTENV1 4.3.2
2024-04-05 18:55:45,665 [INFO] ThirdParty:1030 - CMSIS Pack Vendor :STMicroelectronics X-CUBE-ALGOBUILD 1.3.0
2024-04-05 18:55:45,665 [INFO] ThirdParty:1030 - CMSIS Pack Vendor :STMicroelectronics FreeRTOS 0.0.1
2024-04-05 18:55:45,665 [INFO] ThirdParty:1030 - CMSIS Pack Vendor :STMicroelectronics X-CUBE-AZRTOS-G0 1.1.0
2024-04-05 18:55:45,665 [INFO] ThirdParty:1030 - CMSIS Pack Vendor :STMicroelectronics X-CUBE-SAFEA1 1.2.2
2024-04-05 18:55:45,665 [INFO] ThirdParty:1030 - CMSIS Pack Vendor :STMicroelectronics X-CUBE-NFC4 3.0.0
2024-04-05 18:55:45,665 [INFO] ThirdParty:1030 - CMSIS Pack Vendor :STMicroelectronics X-CUBE-SUBG2 5.0.0
2024-04-05 18:55:45,665 [INFO] ThirdParty:1030 - CMSIS Pack Vendor :STMicroelectronics STM32_WPAN 1.0.0
2024-04-05 18:55:45,665 [INFO] ThirdParty:1030 - CMSIS Pack Vendor :STMicroelectronics lwIP 2.0.3
2024-04-05 18:55:45,665 [INFO] ThirdParty:1030 - CMSIS Pack Vendor :STMicroelectronics FP-SNS-FLIGHT1 5.0.2
2024-04-05 18:55:45,665 [INFO] ThirdParty:1030 - CMSIS Pack Vendor :STMicroelectronics USB_HOST 1.0.0
2024-04-05 18:55:45,665 [INFO] ThirdParty:1030 - CMSIS Pack Vendor :STMicroelectronics X-CUBE-AZRTOS-G4 2.0.0
2024-04-05 18:55:45,665 [INFO] ThirdParty:1030 - CMSIS Pack Vendor :STMicroelectronics PDM2PCM 3.1.0
2024-04-05 18:55:45,665 [INFO] ThirdParty:1030 - CMSIS Pack Vendor :Infineon AIROC-Wi-Fi-Bluetooth-STM32 1.5.1
2024-04-05 18:55:45,665 [INFO] ThirdParty:1030 - CMSIS Pack Vendor :STMicroelectronics X-CUBE-BLEMGR 3.0.0
2024-04-05 18:55:45,665 [INFO] ThirdParty:1030 - CMSIS Pack Vendor :STMicroelectronics PDM2PCM 3.3.0
2024-04-05 18:55:45,665 [INFO] ThirdParty:1030 - CMSIS Pack Vendor :STMicroelectronics X-CUBE-DISPLAY 3.0.0
2024-04-05 18:55:45,665 [INFO] ThirdParty:1030 - CMSIS Pack Vendor :STMicroelectronics FP-SNS-MOTENVWB1 1.3.1
2024-04-05 18:55:45,665 [INFO] ThirdParty:1030 - CMSIS Pack Vendor :STMicroelectronics X-CUBE-BLE1 7.0.0
2024-04-05 18:55:45,665 [INFO] ThirdParty:1030 - CMSIS Pack Vendor :STMicroelectronics FP-ATR-SIGFOX1 3.2.0
2024-04-05 18:55:45,665 [INFO] ThirdParty:1030 - CMSIS Pack Vendor :STMicroelectronics X-CUBE-ISPU 2.0.0
2024-04-05 18:55:45,665 [INFO] ThirdParty:1030 - CMSIS Pack Vendor :STMicroelectronics X-CUBE-EEPRMA1 5.1.0
2024-04-05 18:55:45,665 [INFO] ThirdParty:1030 - CMSIS Pack Vendor :STMicroelectronics HAL Drivers 0.0.0
2024-04-05 18:55:45,665 [INFO] ThirdParty:1030 - CMSIS Pack Vendor :STMicroelectronics MBEDTLS 2.16.2
2024-04-05 18:55:45,665 [INFO] ThirdParty:1030 - CMSIS Pack Vendor :emotas I-CUBE-CANOPEN 1.3.0
2024-04-05 18:55:45,665 [INFO] ThirdParty:1030 - CMSIS Pack Vendor :STMicroelectronics X-CUBE-MEMS1 10.0.0
2024-04-05 18:55:45,665 [INFO] ThirdParty:1030 - CMSIS Pack Vendor :STMicroelectronics X-CUBE-FREERTOS 1.1.0
2024-04-05 18:55:45,665 [INFO] ThirdParty:1030 - CMSIS Pack Vendor :STMicroelectronics X-CUBE-NFC7 1.0.1
2024-04-05 18:55:45,665 [INFO] ThirdParty:1030 - CMSIS Pack Vendor :STMicroelectronics MBEDTLS 2.14.1
2024-04-05 18:55:45,665 [INFO] ThirdParty:1030 - CMSIS Pack Vendor :STMicroelectronics X-CUBE-TOUCHGFX 4.22.1
2024-04-05 18:55:45,665 [INFO] ThirdParty:1030 - CMSIS Pack Vendor :STMicroelectronics X-CUBE-NFC6 3.0.0
2024-04-05 18:55:45,665 [INFO] ThirdParty:1030 - CMSIS Pack Vendor :portGmbH I-Cube-SoM-uGOAL 1.1.0
2024-04-05 18:55:45,665 [INFO] ThirdParty:1030 - CMSIS Pack Vendor :STMicroelectronics X-CUBE-ALS 1.0.1
2024-04-05 18:55:45,665 [INFO] ThirdParty:1030 - CMSIS Pack Vendor :STMicroelectronics X-CUBE-BLEMGR 3.1.0
2024-04-05 18:55:45,665 [INFO] ThirdParty:1030 - CMSIS Pack Vendor :STMicroelectronics ThreadX 1.0.0
2024-04-05 18:55:45,666 [INFO] ThirdParty:1030 - CMSIS Pack Vendor :STMicroelectronics FP-SNS-SMARTAG2 1.2.0
2024-04-05 18:55:45,666 [INFO] ThirdParty:1030 - CMSIS Pack Vendor :STMicroelectronics X-CUBE-AZRTOS-WL 2.0.0
2024-04-05 18:55:45,666 [INFO] ThirdParty:1030 - CMSIS Pack Vendor :SEGGER I-CUBE-embOS 1.3.1
2024-04-05 18:55:45,666 [INFO] ThirdParty:1030 - CMSIS Pack Vendor :STMicroelectronics FP-SNS-MOTENV1 5.0.0
2024-04-05 18:55:45,666 [INFO] ThirdParty:1030 - CMSIS Pack Vendor :STMicroelectronics USB_DEVICE 1.0.0
2024-04-05 18:55:45,666 [INFO] ThirdParty:1030 - CMSIS Pack Vendor :STMicroelectronics X-CUBE-AI 8.1.0
2024-04-05 18:55:45,666 [INFO] ThirdParty:1030 - CMSIS Pack Vendor :STMicroelectronics X-CUBE-AZRTOS-L4 2.0.0
2024-04-05 18:55:45,666 [INFO] ThirdParty:1030 - CMSIS Pack Vendor :STMicroelectronics ThreadX 0.0.2
2024-04-05 18:55:45,666 [INFO] ThirdParty:1030 - CMSIS Pack Vendor :WES I-CUBE-Cesium 1.3.0
2024-04-05 18:55:45,666 [INFO] ThirdParty:1030 - CMSIS Pack Vendor :STMicroelectronics FP-ATR-ASTRA1 2.0.0
2024-04-05 18:55:45,666 [INFO] ThirdParty:1030 - CMSIS Pack Vendor :STMicroelectronics lwIP 2.1.2
2024-04-05 18:55:45,666 [INFO] ThirdParty:1030 - CMSIS Pack Vendor :STMicroelectronics X-CUBE-SFXS2LP1 4.0.0
2024-04-05 18:55:45,666 [INFO] ThirdParty:1030 - CMSIS Pack Vendor :STMicroelectronics X-CUBE-BLE2 3.3.0
2024-04-05 18:55:45,666 [INFO] ThirdParty:1030 - CMSIS Pack Vendor :STMicroelectronics X-CUBE-TOF1 3.4.0
2024-04-05 18:55:45,666 [INFO] ThirdParty:1030 - CMSIS Pack Vendor :STMicroelectronics X-CUBE-TOF1 3.4.1
2024-04-05 18:55:45,666 [INFO] ThirdParty:1030 - CMSIS Pack Vendor :STMicroelectronics X-CUBE-AZRTOS-H7 3.2.0
2024-04-05 18:55:45,666 [INFO] ThirdParty:1030 - CMSIS Pack Vendor :STMicroelectronics PDM2PCM 3.2.0
2024-04-05 18:55:45,666 [INFO] ThirdParty:841 - exiting critical section [change project]
2024-04-05 18:55:46,137 [INFO] PinOutPanel:1499 - setPackage(No Configuration,No Configuration)
2024-04-05 18:55:46,143 [INFO] PinOutPanel:1499 - setPackage(STM32G071RBTx,LQFP64)
2024-04-05 18:55:46,916 [INFO] UtilMem:75 - Before build in PCC Used Memory: 660005408 Bytes (1073741824)
2024-04-05 18:55:48,281 [INFO] UtilMem:75 - After build in PCC Used Memory: 590387584 Bytes (1073741824)
2024-04-05 18:55:48,331 [INFO] IPUIPlugin:80 - create IPUIPlugin
2024-04-05 18:55:48,332 [INFO] IPUIPlugin:80 - create IPUIPlugin
2024-04-05 18:55:48,332 [INFO] IPUIPlugin:80 - create IPUIPlugin
2024-04-05 18:55:48,332 [INFO] IPUIPlugin:80 - create IPUIPlugin
2024-04-05 18:55:48,332 [INFO] IPUIPlugin:80 - create IPUIPlugin
2024-04-05 18:55:48,332 [INFO] IPUIPlugin:80 - create IPUIPlugin
2024-04-05 18:55:48,332 [INFO] IPUIPlugin:80 - create IPUIPlugin
2024-04-05 18:55:48,332 [INFO] IPUIPlugin:80 - create IPUIPlugin
2024-04-05 18:55:48,333 [INFO] IPUIPlugin:80 - create IPUIPlugin
2024-04-05 18:55:48,333 [INFO] IPUIPlugin:80 - create IPUIPlugin
2024-04-05 18:55:48,333 [INFO] IPUIPlugin:80 - create IPUIPlugin
2024-04-05 18:55:48,333 [INFO] IPUIPlugin:80 - create IPUIPlugin
2024-04-05 18:55:48,333 [INFO] IPUIPlugin:80 - create IPUIPlugin
2024-04-05 18:55:48,333 [INFO] IPUIPlugin:80 - create IPUIPlugin
2024-04-05 18:55:48,333 [INFO] IPUIPlugin:80 - create IPUIPlugin
2024-04-05 18:55:48,333 [INFO] IPUIPlugin:80 - create IPUIPlugin
2024-04-05 18:55:48,333 [INFO] IPUIPlugin:80 - create IPUIPlugin
2024-04-05 18:55:48,333 [INFO] IPUIPlugin:80 - create IPUIPlugin
2024-04-05 18:55:48,333 [INFO] IPUIPlugin:80 - create IPUIPlugin
2024-04-05 18:55:48,334 [INFO] IPUIPlugin:80 - create IPUIPlugin
2024-04-05 18:55:48,334 [INFO] IPUIPlugin:80 - create IPUIPlugin
2024-04-05 18:55:48,334 [INFO] IPUIPlugin:80 - create IPUIPlugin
2024-04-05 18:55:48,334 [INFO] IPUIPlugin:80 - create IPUIPlugin
2024-04-05 18:55:48,334 [INFO] IPUIPlugin:80 - create IPUIPlugin
2024-04-05 18:55:48,334 [INFO] IPUIPlugin:80 - create IPUIPlugin
2024-04-05 18:55:48,334 [INFO] IPUIPlugin:80 - create IPUIPlugin
2024-04-05 18:55:48,335 [INFO] IPUIPlugin:80 - create IPUIPlugin
2024-04-05 18:55:48,335 [INFO] IPUIPlugin:80 - create IPUIPlugin
2024-04-05 18:55:48,335 [INFO] IPUIPlugin:80 - create IPUIPlugin
2024-04-05 18:55:48,335 [INFO] IPUIPlugin:80 - create IPUIPlugin
2024-04-05 18:55:48,335 [INFO] IPUIPlugin:80 - create IPUIPlugin
2024-04-05 18:55:48,335 [INFO] IPUIPlugin:80 - create IPUIPlugin
2024-04-05 18:55:48,335 [INFO] IPUIPlugin:80 - create IPUIPlugin
2024-04-05 18:55:48,335 [INFO] IPUIPlugin:80 - create IPUIPlugin
2024-04-05 18:55:48,335 [INFO] IPUIPlugin:80 - create IPUIPlugin
2024-04-05 18:55:48,335 [INFO] IPUIPlugin:80 - create IPUIPlugin
2024-04-05 18:55:48,335 [INFO] IPUIPlugin:80 - create IPUIPlugin
2024-04-05 18:55:48,335 [INFO] IPUIPlugin:80 - create IPUIPlugin
2024-04-05 18:55:48,336 [INFO] IPUIPlugin:80 - create IPUIPlugin
2024-04-05 18:55:48,336 [INFO] IPUIPlugin:80 - create IPUIPlugin
2024-04-05 18:55:48,336 [INFO] IPUIPlugin:80 - create IPUIPlugin
2024-04-05 18:55:48,336 [INFO] IPUIPlugin:80 - create IPUIPlugin
2024-04-05 18:55:48,336 [INFO] IPUIPlugin:80 - create IPUIPlugin
2024-04-05 18:55:48,610 [INFO] CADModel:165 - CPN selected for project levelSTM32G071RBT6
2024-04-05 18:55:48,610 [INFO] CADModel:114 - Register for checkConnection events
2024-04-05 18:55:48,654 [INFO] OpenFileManager:343 - Restore cursor
2024-04-05 18:55:55,177 [INFO] NvicIntPanel:101 - NVIC parent = com.st.microxplorer.plugins.ip.nvic.MultiNvicIntPanel[,0,0,0x0,invalid,layout=javax.swing.BoxLayout,alignmentX=0.0,alignmentY=0.0,border=,flags=9,maximumSize=,minimumSize=,preferredSize=]
2024-04-05 18:56:10,636 [INFO] NvicIntPanel:101 - NVIC parent = com.st.microxplorer.plugins.ip.nvic.MultiNvicIntPanel[,0,0,0x0,invalid,layout=javax.swing.BoxLayout,alignmentX=0.0,alignmentY=0.0,border=,flags=9,maximumSize=,minimumSize=,preferredSize=]
2024-04-05 18:56:17,916 [INFO] UtilMem:75 - End SaveConfig() Used Memory: 821466424 Bytes (1073741824)
2024-04-05 18:56:19,884 [INFO] UtilMem:75 - End SaveConfig() Used Memory: 846777408 Bytes (1073741824)
2024-04-05 18:56:21,567 [INFO] UtilMem:75 - End SaveConfig() Used Memory: 894749776 Bytes (1073741824)
2024-04-05 18:56:21,990 [INFO] BlockDiagram:2759 - set Specific Code input for plugin: NVIC
2024-04-05 18:56:21,990 [INFO] BlockDiagram:2759 - set Specific Code input for plugin: USART
2024-04-05 18:56:21,990 [INFO] BlockDiagram:2759 - set Specific Code input for plugin: SYS
2024-04-05 18:56:21,990 [INFO] BlockDiagram:2759 - set Specific Code input for plugin: GPIO
2024-04-05 18:56:21,990 [INFO] BlockDiagram:2759 - set Specific Code input for plugin: RCC
2024-04-05 18:56:21,991 [INFO] CodeGenerator:807 - code generatio: config db path: /opt/st/stm32cubeide_1.14.0/plugins/com.st.stm32cube.common.mx_6.10.0.202311202037//db/
2024-04-05 18:56:22,247 [INFO] CodeEngine:255 - oldGeneratedFile, /home/hk/CavliApplication/CavliC16QSEVK-TCP-1/MXTmpFiles/license.tmp_save
2024-04-05 18:56:22,479 [INFO] CodeEngine:279 - Generated code: /home/hk/CavliApplication/CavliC16QSEVK-TCP-1/MXTmpFiles/license.tmp
2024-04-05 18:56:22,549 [INFO] CodeEngine:255 - oldGeneratedFile, /home/hk/CavliApplication/CavliC16QSEVK-TCP-1/MXTmpFiles/gpio.tmp_save
2024-04-05 18:56:22,625 [INFO] CodeEngine:279 - Generated code: /home/hk/CavliApplication/CavliC16QSEVK-TCP-1/MXTmpFiles/gpio.tmp
2024-04-05 18:56:22,766 [INFO] CodeEngine:255 - oldGeneratedFile, /home/hk/CavliApplication/CavliC16QSEVK-TCP-1/Core/Src/stm32g0xx_it.c_save
2024-04-05 18:56:22,850 [INFO] CodeEngine:279 - Generated code: /home/hk/CavliApplication/CavliC16QSEVK-TCP-1/Core/Src/stm32g0xx_it.c
2024-04-05 18:56:22,852 [INFO] CodeEngine:255 - oldGeneratedFile, /home/hk/CavliApplication/CavliC16QSEVK-TCP-1/Core/Inc/stm32g0xx_it.h_save
2024-04-05 18:56:22,901 [INFO] CodeEngine:279 - Generated code: /home/hk/CavliApplication/CavliC16QSEVK-TCP-1/Core/Inc/stm32g0xx_it.h
2024-04-05 18:56:22,905 [INFO] CodeEngine:255 - oldGeneratedFile, /home/hk/CavliApplication/CavliC16QSEVK-TCP-1/Core/Src/stm32g0xx_hal_msp.c_save
2024-04-05 18:56:23,039 [INFO] CodeEngine:279 - Generated code: /home/hk/CavliApplication/CavliC16QSEVK-TCP-1/Core/Src/stm32g0xx_hal_msp.c
2024-04-05 18:56:23,042 [INFO] CodeEngine:255 - oldGeneratedFile, /home/hk/CavliApplication/CavliC16QSEVK-TCP-1/MXTmpFiles/system.tmp_save
2024-04-05 18:56:23,095 [INFO] CodeEngine:279 - Generated code: /home/hk/CavliApplication/CavliC16QSEVK-TCP-1/MXTmpFiles/system.tmp
2024-04-05 18:56:23,100 [INFO] CodeEngine:311 - oldGeneratedFile, /home/hk/CavliApplication/CavliC16QSEVK-TCP-1/Core/Inc/stm32g0xx_hal_conf.h_save
2024-04-05 18:56:23,149 [INFO] CodeEngine:335 - Generated code: /home/hk/CavliApplication/CavliC16QSEVK-TCP-1/Core/Inc/stm32g0xx_hal_conf.h
2024-04-05 18:56:23,172 [INFO] CodeEngine:255 - oldGeneratedFile, /home/hk/CavliApplication/CavliC16QSEVK-TCP-1/Core/Inc/main.h_save
2024-04-05 18:56:23,235 [INFO] CodeEngine:279 - Generated code: /home/hk/CavliApplication/CavliC16QSEVK-TCP-1/Core/Inc/main.h
2024-04-05 18:56:23,237 [INFO] CodeEngine:255 - oldGeneratedFile, /home/hk/CavliApplication/CavliC16QSEVK-TCP-1/Core/Src/main.c_save
2024-04-05 18:56:23,402 [INFO] CodeEngine:279 - Generated code: /home/hk/CavliApplication/CavliC16QSEVK-TCP-1/Core/Src/main.c
2024-04-05 18:56:23,841 [INFO] ProjectBuilder:3076 - Time for Copy HAL[1] : 33mS.
2024-04-05 18:56:23,846 [INFO] ProjectBuilder:4485 - Project Generator version: 4.2.0-B44
2024-04-05 18:56:24,195 [INFO] ConfigFileManager:1495 - The Die is : DIE460
2024-04-05 18:56:24,212 [INFO] ApiDbMcu:508 - Load IP Config File for FATFS
2024-04-05 18:56:24,222 [INFO] ApiDbMcu:508 - Load IP Config File for FREERTOS
2024-04-05 18:56:24,230 [INFO] ApiDbMcu:508 - Load IP Config File for USBPD
2024-04-05 18:56:24,985 [INFO] LogOutputStream:77 - [STDOUT_REDIRECT] 
2024-04-05 18:56:26,626 [INFO] ProjectBuilder:4747 - Time for Generating toolchain IDE Files: 2779mS.
2024-04-05 18:56:26,628 [INFO] ProjectBuilder:2947 - Time for Copy CMSIS : 1mS.
2024-04-05 18:56:26,630 [INFO] ProjectBuilder:2947 - Time for Copy CMSIS : 0mS.
2024-04-05 19:01:54,705 [INFO] NvicIntPanel:101 - NVIC parent = com.st.microxplorer.plugins.ip.nvic.MultiNvicIntPanel[,0,0,0x0,invalid,layout=javax.swing.BoxLayout,alignmentX=0.0,alignmentY=0.0,border=,flags=9,maximumSize=,minimumSize=,preferredSize=]
2024-04-05 19:01:58,746 [INFO] UtilMem:75 - End SaveConfig() Used Memory: 386488224 Bytes (916455424)
2024-04-05 19:02:00,558 [INFO] UtilMem:75 - End SaveConfig() Used Memory: 409623696 Bytes (916455424)
2024-04-05 19:02:00,712 [INFO] UtilMem:75 - End SaveConfig() Used Memory: 432170128 Bytes (916455424)
2024-04-05 19:02:00,791 [INFO] BlockDiagram:2759 - set Specific Code input for plugin: NVIC
2024-04-05 19:02:00,791 [INFO] BlockDiagram:2759 - set Specific Code input for plugin: USART
2024-04-05 19:02:00,791 [INFO] BlockDiagram:2759 - set Specific Code input for plugin: SYS
2024-04-05 19:02:00,791 [INFO] BlockDiagram:2759 - set Specific Code input for plugin: GPIO
2024-04-05 19:02:00,791 [INFO] BlockDiagram:2759 - set Specific Code input for plugin: RCC
2024-04-05 19:02:00,792 [INFO] CodeGenerator:807 - code generatio: config db path: /opt/st/stm32cubeide_1.14.0/plugins/com.st.stm32cube.common.mx_6.10.0.202311202037//db/
2024-04-05 19:02:00,854 [INFO] CodeEngine:255 - oldGeneratedFile, /home/hk/CavliApplication/CavliC16QSEVK-TCP-1/MXTmpFiles/license.tmp_save
2024-04-05 19:02:00,884 [INFO] CodeEngine:279 - Generated code: /home/hk/CavliApplication/CavliC16QSEVK-TCP-1/MXTmpFiles/license.tmp
2024-04-05 19:02:00,900 [INFO] CodeEngine:255 - oldGeneratedFile, /home/hk/CavliApplication/CavliC16QSEVK-TCP-1/MXTmpFiles/gpio.tmp_save
2024-04-05 19:02:00,931 [INFO] CodeEngine:279 - Generated code: /home/hk/CavliApplication/CavliC16QSEVK-TCP-1/MXTmpFiles/gpio.tmp
2024-04-05 19:02:01,039 [INFO] CodeEngine:255 - oldGeneratedFile, /home/hk/CavliApplication/CavliC16QSEVK-TCP-1/Core/Src/stm32g0xx_it.c_save
2024-04-05 19:02:01,078 [INFO] CodeEngine:279 - Generated code: /home/hk/CavliApplication/CavliC16QSEVK-TCP-1/Core/Src/stm32g0xx_it.c
2024-04-05 19:02:01,080 [INFO] CodeEngine:255 - oldGeneratedFile, /home/hk/CavliApplication/CavliC16QSEVK-TCP-1/Core/Inc/stm32g0xx_it.h_save
2024-04-05 19:02:01,107 [INFO] CodeEngine:279 - Generated code: /home/hk/CavliApplication/CavliC16QSEVK-TCP-1/Core/Inc/stm32g0xx_it.h
2024-04-05 19:02:01,112 [INFO] CodeEngine:255 - oldGeneratedFile, /home/hk/CavliApplication/CavliC16QSEVK-TCP-1/Core/Src/stm32g0xx_hal_msp.c_save
2024-04-05 19:02:01,151 [INFO] CodeEngine:279 - Generated code: /home/hk/CavliApplication/CavliC16QSEVK-TCP-1/Core/Src/stm32g0xx_hal_msp.c
2024-04-05 19:02:01,153 [INFO] CodeEngine:255 - oldGeneratedFile, /home/hk/CavliApplication/CavliC16QSEVK-TCP-1/MXTmpFiles/system.tmp_save
2024-04-05 19:02:01,199 [INFO] CodeEngine:279 - Generated code: /home/hk/CavliApplication/CavliC16QSEVK-TCP-1/MXTmpFiles/system.tmp
2024-04-05 19:02:01,201 [INFO] CodeEngine:311 - oldGeneratedFile, /home/hk/CavliApplication/CavliC16QSEVK-TCP-1/Core/Inc/stm32g0xx_hal_conf.h_save
2024-04-05 19:02:01,249 [INFO] CodeEngine:335 - Generated code: /home/hk/CavliApplication/CavliC16QSEVK-TCP-1/Core/Inc/stm32g0xx_hal_conf.h
2024-04-05 19:02:01,258 [INFO] CodeEngine:255 - oldGeneratedFile, /home/hk/CavliApplication/CavliC16QSEVK-TCP-1/Core/Inc/main.h_save
2024-04-05 19:02:01,285 [INFO] CodeEngine:279 - Generated code: /home/hk/CavliApplication/CavliC16QSEVK-TCP-1/Core/Inc/main.h
2024-04-05 19:02:01,286 [INFO] CodeEngine:255 - oldGeneratedFile, /home/hk/CavliApplication/CavliC16QSEVK-TCP-1/Core/Src/main.c_save
2024-04-05 19:02:01,325 [INFO] CodeEngine:279 - Generated code: /home/hk/CavliApplication/CavliC16QSEVK-TCP-1/Core/Src/main.c
2024-04-05 19:02:01,514 [INFO] ProjectBuilder:3076 - Time for Copy HAL[1] : 8mS.
2024-04-05 19:02:01,515 [INFO] ProjectBuilder:4485 - Project Generator version: 4.2.0-B44
2024-04-05 19:02:01,597 [INFO] ConfigFileManager:1495 - The Die is : DIE460
2024-04-05 19:02:02,577 [INFO] ProjectBuilder:4747 - Time for Generating toolchain IDE Files: 1062mS.
2024-04-05 19:02:02,578 [INFO] ProjectBuilder:2947 - Time for Copy CMSIS : 0mS.
2024-04-05 19:02:02,578 [INFO] ProjectBuilder:2947 - Time for Copy CMSIS : 0mS.
2024-04-05 19:07:04,906 [INFO] NvicIntPanel:101 - NVIC parent = com.st.microxplorer.plugins.ip.nvic.MultiNvicIntPanel[,0,0,562x367,layout=javax.swing.BoxLayout,alignmentX=0.0,alignmentY=0.0,border=,flags=9,maximumSize=,minimumSize=,preferredSize=]
