2024-03-03 16:51:32,438 [INFO] Activator:176 - 


2024-03-03 16:51:32,441 [INFO] Activator:177 - !SESSION log4j initialized
2024-03-03 16:51:35,616 [INFO] LogOutputStream:77 - [STDOUT_REDIRECT] 
2024-03-03 16:51:36,341 [INFO] ApplicationProperties:184 - Using Application install path: /opt/st/stm32cubeide_1.14.0/plugins/com.st.stm32cube.common.mx_6.10.0.202311202037
2024-03-03 16:51:36,350 [INFO] DbMcusXml:78 - Set database path to: /opt/st/stm32cubeide_1.14.0/plugins/com.st.stm32cube.common.mx_6.10.0.202311202037//db//mcu/
2024-03-03 16:51:36,351 [INFO] ApiDb:274 - Set plugin database path to: /opt/st/stm32cubeide_1.14.0/plugins/com.st.stm32cube.common.mx_6.10.0.202311202037//db//plugins/boardmanager/
2024-03-03 16:51:36,351 [WARN] ApiDb:259 - Overriding images path with different value:  => /opt/st/stm32cubeide_1.14.0/plugins/com.st.stm32cube.common.mx_6.10.0.202311202037//db//plugins/mcufinder/images/
2024-03-03 16:51:36,354 [INFO] ApiDb:250 - Set database path to: /home/hk/.stmcufinder/plugins/mcufinder//mcu/
2024-03-03 16:51:36,354 [INFO] DbMcusAds:125 - Set database path to: /home/hk/.stmcufinder/plugins/mcufinder//mcu/
2024-03-03 16:51:36,355 [INFO] CrossReferenceDbSqlite:203 - Set database path to: /home/hk/.stmcufinder/plugins/mcufinder//mcu/cs/
2024-03-03 16:51:36,412 [INFO] RulesReader:64 - Compatibility file has been processed (297 Rules)
2024-03-03 16:51:36,448 [INFO] DbMcusXml:78 - Set database path to: /opt/st/stm32cubeide_1.14.0/plugins/com.st.stm32cube.common.mx_6.10.0.202311202037//db//mcu/
2024-03-03 16:51:36,448 [INFO] ApiDb:274 - Set plugin database path to: /opt/st/stm32cubeide_1.14.0/plugins/com.st.stm32cube.common.mx_6.10.0.202311202037//db//plugins/boardmanager/
2024-03-03 16:51:36,448 [INFO] ApiDb:261 - Set plugin images path to: /opt/st/stm32cubeide_1.14.0/plugins/com.st.stm32cube.common.mx_6.10.0.202311202037//db//plugins/mcufinder/images/
2024-03-03 16:51:36,448 [WARN] DbFile:41 - Overriding database path with different value: /home/hk/.stmcufinder/plugins/mcufinder/ => /home/hk/.stmcufinder/plugins/mcufinder
2024-03-03 16:51:36,448 [INFO] ApiDb:250 - Set database path to: /home/hk/.stmcufinder/plugins/mcufinder//mcu/
2024-03-03 16:51:36,448 [WARN] DbFile:41 - Overriding database path with different value: /home/hk/.stmcufinder/plugins/mcufinder/ => /home/hk/.stmcufinder/plugins/mcufinder
2024-03-03 16:51:36,448 [INFO] DbMcusAds:125 - Set database path to: /home/hk/.stmcufinder/plugins/mcufinder//mcu/
2024-03-03 16:51:36,448 [WARN] DbFile:41 - Overriding database path with different value: /home/hk/.stmcufinder/plugins/mcufinder/ => /home/hk/.stmcufinder/plugins/mcufinder
2024-03-03 16:51:36,448 [WARN] DbFile:41 - Overriding database path with different value: /home/hk/.stmcufinder/plugins/mcufinder/ => /home/hk/.stmcufinder/plugins/mcufinder
2024-03-03 16:51:36,448 [INFO] CrossReferenceDbSqlite:203 - Set database path to: /home/hk/.stmcufinder/plugins/mcufinder//mcu/cs/
2024-03-03 16:51:36,489 [INFO] MainPanel:264 - HeapMemory: 268435456
2024-03-03 16:51:36,540 [INFO] DbMcusXml:78 - Set database path to: /opt/st/stm32cubeide_1.14.0/plugins/com.st.stm32cube.common.mx_6.10.0.202311202037//db//mcu/
2024-03-03 16:51:36,540 [INFO] ApiDb:274 - Set plugin database path to: /opt/st/stm32cubeide_1.14.0/plugins/com.st.stm32cube.common.mx_6.10.0.202311202037//db//plugins/boardmanager/
2024-03-03 16:51:36,540 [INFO] ApiDb:261 - Set plugin images path to: /opt/st/stm32cubeide_1.14.0/plugins/com.st.stm32cube.common.mx_6.10.0.202311202037//db//plugins/mcufinder/images/
2024-03-03 16:51:36,540 [WARN] DbFile:41 - Overriding database path with different value: /home/hk/.stmcufinder/plugins/mcufinder/ => /home/hk/.stmcufinder/plugins/mcufinder
2024-03-03 16:51:36,540 [INFO] ApiDb:250 - Set database path to: /home/hk/.stmcufinder/plugins/mcufinder//mcu/
2024-03-03 16:51:36,540 [WARN] DbFile:41 - Overriding database path with different value: /home/hk/.stmcufinder/plugins/mcufinder/ => /home/hk/.stmcufinder/plugins/mcufinder
2024-03-03 16:51:36,540 [INFO] DbMcusAds:125 - Set database path to: /home/hk/.stmcufinder/plugins/mcufinder//mcu/
2024-03-03 16:51:36,541 [WARN] DbFile:41 - Overriding database path with different value: /home/hk/.stmcufinder/plugins/mcufinder/ => /home/hk/.stmcufinder/plugins/mcufinder
2024-03-03 16:51:36,541 [WARN] DbFile:41 - Overriding database path with different value: /home/hk/.stmcufinder/plugins/mcufinder/ => /home/hk/.stmcufinder/plugins/mcufinder
2024-03-03 16:51:36,541 [INFO] CrossReferenceDbSqlite:203 - Set database path to: /home/hk/.stmcufinder/plugins/mcufinder//mcu/cs/
2024-03-03 16:51:36,549 [INFO] ApplicationProperties:184 - Using Application install path: /opt/st/stm32cubeide_1.14.0/plugins/com.st.stm32cube.common.mx_6.10.0.202311202037
2024-03-03 16:51:36,550 [INFO] PluginManage:196 - Search for loadable plugins [exclusion list=, ]
2024-03-03 16:51:36,551 [INFO] PluginManage:310 - Check plugin analytics
2024-03-03 16:51:36,626 [INFO] AnalyticsPlugin:253 - Accepted Software Licenses: 
2024-03-03 16:51:36,626 [INFO] AnalyticsPlugin:255 - Accepted CMSIS Pack Licenses: 
2024-03-03 16:51:36,626 [INFO] AnalyticsPlugin:257 - Accepted Firmware Licenses: FW.G0.1.6.0,FW.L4.1.18.0
2024-03-03 16:51:36,627 [INFO] PluginManage:359 - Loaded plugin analytics (category:tool,tabindex:-1)
2024-03-03 16:51:36,627 [INFO] PluginManage:310 - Check plugin cadmodel
2024-03-03 16:51:36,646 [INFO] CADModel:105 - Init CAD model plugin
2024-03-03 16:51:36,647 [INFO] PluginManage:359 - Loaded plugin cadmodel (category:power,tabindex:5)
2024-03-03 16:51:36,647 [INFO] PluginManage:310 - Check plugin clock
2024-03-03 16:51:36,653 [INFO] PluginManage:359 - Loaded plugin clock (category:base,tabindex:2)
2024-03-03 16:51:36,653 [INFO] PluginManage:310 - Check plugin ddr
2024-03-03 16:51:36,655 [INFO] PluginManage:359 - Loaded plugin ddr (category:tool,tabindex:6)
2024-03-03 16:51:36,655 [INFO] PluginManage:310 - Check plugin filemanager
2024-03-03 16:51:36,735 [INFO] PluginManage:359 - Loaded plugin filemanager (category:base,tabindex:10)
2024-03-03 16:51:36,736 [INFO] PluginManage:310 - Check plugin ipmanager
2024-03-03 16:51:36,739 [INFO] PluginManage:359 - Loaded plugin ipmanager (category:base,tabindex:5)
2024-03-03 16:51:36,739 [INFO] PluginManage:310 - Check plugin lpbam
2024-03-03 16:51:36,745 [INFO] PluginManage:359 - Loaded plugin lpbam (category:base,tabindex:0)
2024-03-03 16:51:36,745 [INFO] PluginManage:310 - Check plugin memorymap
2024-03-03 16:51:36,752 [INFO] PluginManage:359 - Loaded plugin memorymap (category:base,tabindex:4)
2024-03-03 16:51:36,752 [INFO] PluginManage:310 - Check plugin pinoutandconfiguration
2024-03-03 16:51:36,756 [INFO] PluginManage:359 - Loaded plugin pinoutandconfiguration (category:base,tabindex:1)
2024-03-03 16:51:36,756 [INFO] PluginManage:310 - Check plugin pinoutconfig
2024-03-03 16:51:36,798 [WARN] SupportedApi:132 - Cannot load RTOS API schema: s4s-elt-must-match.1: The content of 'definitions' must match (annotation?, (simpleType | complexType)?, (unique | key | keyref)*)). A problem was found starting at: attribute.
2024-03-03 16:51:36,857 [INFO] PluginManage:359 - Loaded plugin pinoutconfig (category:base,tabindex:0)
2024-03-03 16:51:36,857 [INFO] PluginManage:310 - Check plugin power
2024-03-03 16:51:36,862 [INFO] PluginManage:359 - Loaded plugin power (category:power,tabindex:4)
2024-03-03 16:51:36,862 [INFO] PluginManage:310 - Check plugin projectmanager
2024-03-03 16:51:36,869 [INFO] PluginManage:359 - Loaded plugin projectmanager (category:projectmanager,tabindex:3)
2024-03-03 16:51:36,869 [INFO] PluginManage:310 - Check plugin thirdparty
2024-03-03 16:51:36,923 [INFO] PluginManage:359 - Loaded plugin thirdparty (category:base,tabindex:-1)
2024-03-03 16:51:36,923 [WARN] IntegrityCheckThread:84 - waiting for thirdparty lock release [integrity check]
2024-03-03 16:51:36,923 [INFO] PluginManage:310 - Check plugin tools
2024-03-03 16:51:36,923 [INFO] IntegrityCheckThread:86 - entering critical section [integrity check]
2024-03-03 16:51:36,923 [INFO] ThirdPartyUpdaterWithRetryManager:70 - Updater plugin not ready yet. [1/15]
2024-03-03 16:51:36,924 [INFO] PluginManage:359 - Loaded plugin tools (category:base,tabindex:7)
2024-03-03 16:51:36,924 [INFO] PluginManage:310 - Check plugin tutovideos
2024-03-03 16:51:37,011 [INFO] PluginManage:359 - Loaded plugin tutovideos (category:base,tabindex:-1)
2024-03-03 16:51:37,011 [INFO] PluginManage:310 - Check plugin updater
2024-03-03 16:51:37,019 [INFO] PluginManage:359 - Loaded plugin updater (category:base,tabindex:12)
2024-03-03 16:51:37,019 [INFO] PluginManage:310 - Check plugin userauth
2024-03-03 16:51:37,022 [INFO] UserAuth:114 - Init User Auth plugin
2024-03-03 16:51:37,022 [INFO] PluginManage:359 - Loaded plugin userauth (category:base,tabindex:14)
2024-03-03 16:51:37,022 [INFO] PluginManage:283 - PluginManage : Loaded plugins [17]
2024-03-03 16:51:37,110 [INFO] PinOutPanel:1499 - setPackage(No Configuration,No Configuration)
2024-03-03 16:51:37,138 [INFO] CADModel:165 - CPN selected for project level
2024-03-03 16:51:37,138 [INFO] CADModel:114 - Register for checkConnection events
2024-03-03 16:51:37,145 [INFO] IPUIPlugin:80 - create IPUIPlugin
2024-03-03 16:51:37,145 [INFO] PluginManager:220 - loadIPPluginJar : add pdm2pcm
2024-03-03 16:51:37,146 [INFO] IPUIPlugin:80 - create IPUIPlugin
2024-03-03 16:51:37,146 [INFO] PluginManager:220 - loadIPPluginJar : add hash
2024-03-03 16:51:37,149 [INFO] IPUIPlugin:80 - create IPUIPlugin
2024-03-03 16:51:37,149 [INFO] PluginManager:220 - loadIPPluginJar : add resmgrutility
2024-03-03 16:51:37,150 [INFO] IPUIPlugin:80 - create IPUIPlugin
2024-03-03 16:51:37,150 [INFO] PluginManager:220 - loadIPPluginJar : add i2c
2024-03-03 16:51:37,154 [INFO] IPUIPlugin:80 - create IPUIPlugin
2024-03-03 16:51:37,154 [INFO] PluginManager:220 - loadIPPluginJar : add linkedlist
2024-03-03 16:51:37,155 [INFO] IPUIPlugin:80 - create IPUIPlugin
2024-03-03 16:51:37,155 [INFO] PluginManager:220 - loadIPPluginJar : add spi
2024-03-03 16:51:37,156 [INFO] IPUIPlugin:80 - create IPUIPlugin
2024-03-03 16:51:37,156 [INFO] PluginManager:220 - loadIPPluginJar : add i2s
2024-03-03 16:51:37,157 [INFO] IPUIPlugin:80 - create IPUIPlugin
2024-03-03 16:51:37,157 [INFO] PluginManager:220 - loadIPPluginJar : add can
2024-03-03 16:51:37,158 [INFO] IPUIPlugin:80 - create IPUIPlugin
2024-03-03 16:51:37,158 [INFO] PluginManager:220 - loadIPPluginJar : add usart
2024-03-03 16:51:37,158 [INFO] IPUIPlugin:80 - create IPUIPlugin
2024-03-03 16:51:37,158 [INFO] PluginManager:220 - loadIPPluginJar : add quadspi
2024-03-03 16:51:37,159 [INFO] IPUIPlugin:80 - create IPUIPlugin
2024-03-03 16:51:37,159 [INFO] PluginManager:220 - loadIPPluginJar : add aes
2024-03-03 16:51:37,163 [INFO] IPUIPlugin:80 - create IPUIPlugin
2024-03-03 16:51:37,164 [INFO] PluginManager:220 - loadIPPluginJar : add plateformsettings
2024-03-03 16:51:37,166 [INFO] IPUIPlugin:80 - create IPUIPlugin
2024-03-03 16:51:37,167 [INFO] PluginManager:220 - loadIPPluginJar : add gic
2024-03-03 16:51:37,167 [INFO] IPUIPlugin:80 - create IPUIPlugin
2024-03-03 16:51:37,167 [INFO] PluginManager:220 - loadIPPluginJar : add tsc
2024-03-03 16:51:37,169 [INFO] IPUIPlugin:80 - create IPUIPlugin
2024-03-03 16:51:37,169 [INFO] PluginManager:220 - loadIPPluginJar : add opamp
2024-03-03 16:51:37,169 [INFO] IPUIPlugin:80 - create IPUIPlugin
2024-03-03 16:51:37,170 [INFO] PluginManager:220 - loadIPPluginJar : add cryp
2024-03-03 16:51:37,170 [INFO] IPUIPlugin:80 - create IPUIPlugin
2024-03-03 16:51:37,170 [INFO] PluginManager:220 - loadIPPluginJar : add tracer_emb
2024-03-03 16:51:37,173 [INFO] IPUIPlugin:80 - create IPUIPlugin
2024-03-03 16:51:37,173 [INFO] PluginManager:220 - loadIPPluginJar : add freertos
2024-03-03 16:51:37,177 [INFO] IPUIPlugin:80 - create IPUIPlugin
2024-03-03 16:51:37,177 [INFO] PluginManager:220 - loadIPPluginJar : add mdma
2024-03-03 16:51:37,178 [INFO] IPUIPlugin:80 - create IPUIPlugin
2024-03-03 16:51:37,178 [INFO] PluginManager:220 - loadIPPluginJar : add dfsdm
2024-03-03 16:51:37,181 [INFO] IPUIPlugin:80 - create IPUIPlugin
2024-03-03 16:51:37,181 [INFO] PluginManager:220 - loadIPPluginJar : add adc
2024-03-03 16:51:37,182 [INFO] IPUIPlugin:80 - create IPUIPlugin
2024-03-03 16:51:37,182 [INFO] PluginManager:220 - loadIPPluginJar : add ipddr
2024-03-03 16:51:37,185 [INFO] IPUIPlugin:80 - create IPUIPlugin
2024-03-03 16:51:37,185 [INFO] PluginManager:220 - loadIPPluginJar : add dma
2024-03-03 16:51:37,187 [INFO] IPUIPlugin:80 - create IPUIPlugin
2024-03-03 16:51:37,188 [INFO] PluginManager:220 - loadIPPluginJar : add stm32_wpan
2024-03-03 16:51:37,189 [INFO] IPUIPlugin:80 - create IPUIPlugin
2024-03-03 16:51:37,190 [INFO] PluginManager:220 - loadIPPluginJar : add nvic
2024-03-03 16:51:37,190 [INFO] IPUIPlugin:80 - create IPUIPlugin
2024-03-03 16:51:37,190 [INFO] PluginManager:220 - loadIPPluginJar : add tim
2024-03-03 16:51:37,191 [INFO] IPUIPlugin:80 - create IPUIPlugin
2024-03-03 16:51:37,192 [INFO] PluginManager:220 - loadIPPluginJar : add sai
2024-03-03 16:51:37,192 [INFO] IPUIPlugin:80 - create IPUIPlugin
2024-03-03 16:51:37,192 [INFO] PluginManager:220 - loadIPPluginJar : add gfxmmu
2024-03-03 16:51:37,193 [INFO] IPUIPlugin:80 - create IPUIPlugin
2024-03-03 16:51:37,194 [INFO] PluginManager:220 - loadIPPluginJar : add openamp
2024-03-03 16:51:37,195 [INFO] IPUIPlugin:80 - create IPUIPlugin
2024-03-03 16:51:37,195 [INFO] PluginManager:220 - loadIPPluginJar : add touchsensing
2024-03-03 16:51:37,195 [INFO] IPUIPlugin:80 - create IPUIPlugin
2024-03-03 16:51:37,195 [INFO] PluginManager:220 - loadIPPluginJar : add genericplugin
2024-03-03 16:51:37,196 [INFO] IPUIPlugin:80 - create IPUIPlugin
2024-03-03 16:51:37,196 [INFO] PluginManager:220 - loadIPPluginJar : add ts
2024-03-03 16:51:37,198 [INFO] IPUIPlugin:80 - create IPUIPlugin
2024-03-03 16:51:37,198 [INFO] PluginManager:220 - loadIPPluginJar : add fmc
2024-03-03 16:51:37,199 [INFO] IPUIPlugin:80 - create IPUIPlugin
2024-03-03 16:51:37,199 [INFO] PluginManager:220 - loadIPPluginJar : add ucpd
2024-03-03 16:51:37,200 [INFO] IPUIPlugin:80 - create IPUIPlugin
2024-03-03 16:51:37,200 [INFO] PluginManager:220 - loadIPPluginJar : add usbx
2024-03-03 16:51:37,201 [INFO] IPUIPlugin:80 - create IPUIPlugin
2024-03-03 16:51:37,201 [INFO] PluginManager:220 - loadIPPluginJar : add lorawan
2024-03-03 16:51:37,202 [INFO] IPUIPlugin:80 - create IPUIPlugin
2024-03-03 16:51:37,202 [INFO] PluginManager:220 - loadIPPluginJar : add i3c
2024-03-03 16:51:37,203 [INFO] IPUIPlugin:80 - create IPUIPlugin
2024-03-03 16:51:37,203 [INFO] PluginManager:220 - loadIPPluginJar : add fatfs
2024-03-03 16:51:37,204 [INFO] IPUIPlugin:80 - create IPUIPlugin
2024-03-03 16:51:37,204 [INFO] PluginManager:220 - loadIPPluginJar : add dma3
2024-03-03 16:51:37,204 [INFO] IPUIPlugin:80 - create IPUIPlugin
2024-03-03 16:51:37,205 [INFO] PluginManager:220 - loadIPPluginJar : add comp
2024-03-03 16:51:37,207 [INFO] IPUIPlugin:80 - create IPUIPlugin
2024-03-03 16:51:37,207 [INFO] PluginManager:220 - loadIPPluginJar : add gpio
2024-03-03 16:51:37,208 [INFO] IPUIPlugin:80 - create IPUIPlugin
2024-03-03 16:51:37,208 [INFO] PluginManager:220 - loadIPPluginJar : add gtzc
2024-03-03 16:51:37,218 [INFO] IPUIPlugin:80 - create IPUIPlugin
2024-03-03 16:51:37,218 [INFO] PluginManager:220 - loadIPPluginJar : add ltdc
2024-03-03 16:51:37,310 [INFO] CADModel:165 - CPN selected for project level
2024-03-03 16:51:37,310 [INFO] CADModel:114 - Register for checkConnection events
2024-03-03 16:51:37,311 [FATAL] Updater:308 - Updater called before beeing initialized
2024-03-03 16:51:37,311 [ERROR] CADModel:125 - Updater not yet initialized, retry later 
2024-03-03 16:51:37,374 [INFO] CADModel:165 - CPN selected for project level
2024-03-03 16:51:37,374 [INFO] CADModel:114 - Register for checkConnection events
2024-03-03 16:51:37,374 [FATAL] Updater:308 - Updater called before beeing initialized
2024-03-03 16:51:37,374 [ERROR] CADModel:125 - Updater not yet initialized, retry later 
2024-03-03 16:51:37,376 [FATAL] Updater:308 - Updater called before beeing initialized
2024-03-03 16:51:37,413 [FATAL] Updater:308 - Updater called before beeing initialized
2024-03-03 16:51:37,415 [INFO] DbMcusAds:53 - JSON generation date=Wed Nov 29 13:52:27 TRT 2023 (1701255147349)
2024-03-03 16:51:37,415 [FATAL] Updater:308 - Updater called before beeing initialized
2024-03-03 16:51:37,433 [WARN] DetailPanel:346 - Failed to get advertising image, set to default
2024-03-03 16:51:37,480 [FATAL] Updater:308 - Updater called before beeing initialized
2024-03-03 16:51:37,481 [FATAL] Updater:308 - Updater called before beeing initialized
2024-03-03 16:51:37,481 [FATAL] Updater:308 - Updater called before beeing initialized
2024-03-03 16:51:37,482 [WARN] DetailPanel:346 - Failed to get advertising image, set to default
2024-03-03 16:51:37,482 [FATAL] Updater:308 - Updater called before beeing initialized
2024-03-03 16:51:37,496 [ERROR] Updater:1120 - MainUpdater not yet initialized. External WinMGr cannot be set.
2024-03-03 16:51:37,497 [INFO] Updater:1056 - Updater Version found : 6.10.0
2024-03-03 16:51:37,509 [INFO] ApplicationProperties:184 - Using Application install path: /opt/st/stm32cubeide_1.14.0/plugins/com.st.stm32cube.common.mx_6.10.0.202311202037
2024-03-03 16:51:37,694 [INFO] MainUpdater:2873 - connection check result : 10
2024-03-03 16:51:37,695 [INFO] MainUpdater:290 - Updater Check For Update Now.
2024-03-03 16:51:37,695 [INFO] MicroXplorer:498 - Change Database Version : DB.6.0.100
2024-03-03 16:51:37,701 [INFO] McuFinderGlobals:63 - Set McuFinder mode to 2 (CubeIDE integrated)
2024-03-03 16:51:37,872 [INFO] CheckServerUpdateThread:120 - End of CheckServer Thread
2024-03-03 16:51:38,092 [INFO] UserAuth:404 - Internet connection configuration mode: 1
2024-03-03 16:51:38,139 [INFO] JxBrowserEngine:152 - Initiate JxBrowser Engine with user profile folder
2024-03-03 16:51:38,829 [INFO] WebApp:161 - Instantiating new browser for Auth
2024-03-03 16:51:39,236 [INFO] WebApp:780 - Register for checkConnection events
2024-03-03 16:51:39,236 [INFO] WebApp:414 - Apply proxy settings
2024-03-03 16:51:39,236 [INFO] WebApp:499 - Chromium requires no authentication
2024-03-03 16:51:39,240 [INFO] WebApp:442 - Direct internet connection detected
2024-03-03 16:51:39,302 [INFO] WebApp:192 - Starting web application
2024-03-03 16:51:39,302 [INFO] WebApp:544 - Web application path used /opt/st/stm32cubeide_1.14.0/plugins/com.st.stm32cube.common.mx_6.10.0.202311202037/db/plugins/mcufinder/reactClient1/index.html
2024-03-03 16:51:40,024 [WARN] PackLoader:240 - Cannot read IP mode file for STMicroelectronics.X-CUBE-SMBUS.2.1.0
2024-03-03 16:51:40,029 [WARN] PackLoader:240 - Cannot read IP mode file for STMicroelectronics.X-CUBE-TOUCHGFX.4.23.0
2024-03-03 16:51:40,041 [WARN] PackLoader:240 - Cannot read IP mode file for STMicroelectronics.X-CUBE-AZRTOS-F7.1.1.0
2024-03-03 16:51:40,047 [WARN] PackLoader:240 - Cannot read IP mode file for STMicroelectronics.FP-SNS-MOTENV1.4.3.2
2024-03-03 16:51:40,050 [WARN] PackLoader:240 - Cannot read IP mode file for STMicroelectronics.FP-SNS-FLIGHT1.5.0.2
2024-03-03 16:51:40,055 [WARN] PackLoader:240 - Cannot read IP mode file for STMicroelectronics.X-CUBE-DISPLAY.3.0.0
2024-03-03 16:51:40,061 [WARN] PackLoader:240 - Cannot read IP mode file for STMicroelectronics.X-CUBE-BLE1.7.0.0
2024-03-03 16:51:40,064 [WARN] PackLoader:240 - Cannot read IP mode file for emotas.I-CUBE-CANOPEN.1.3.0
2024-03-03 16:51:40,065 [WARN] PackLoader:240 - Cannot read IP mode file for STMicroelectronics.X-CUBE-TOUCHGFX.4.22.1
2024-03-03 16:51:40,071 [WARN] PackLoader:240 - Cannot read IP mode file for STMicroelectronics.X-CUBE-BLEMGR.3.1.0
2024-03-03 16:51:40,076 [WARN] PackLoader:240 - Cannot read IP mode file for STMicroelectronics.FP-SNS-SMARTAG2.1.2.0
2024-03-03 16:51:40,082 [INFO] LogOutputStream:77 - [STDOUT_REDIRECT] 1 : Invalid condition id : UX_CORESTACK_Condition cause : null
2024-03-03 16:51:40,083 [INFO] LogOutputStream:77 - [STDOUT_REDIRECT] 1 : Invalid condition id : UX_CORESTACK_Condition cause : null
2024-03-03 16:51:40,083 [INFO] LogOutputStream:77 - [STDOUT_REDIRECT] 1 : Invalid condition id : UX_CORESTACK_Condition cause : null
2024-03-03 16:51:40,083 [INFO] LogOutputStream:77 - [STDOUT_REDIRECT] 1 : Invalid condition id : UX_CORESTACK_Condition cause : null
2024-03-03 16:51:40,084 [INFO] LogOutputStream:77 - [STDOUT_REDIRECT] 1 : Invalid condition id : UX_CORESTACK_Condition cause : null
2024-03-03 16:51:40,085 [WARN] PackLoader:240 - Cannot read IP mode file for STMicroelectronics.X-CUBE-AZRTOS-WL.2.0.0
2024-03-03 16:51:40,091 [WARN] PackLoader:240 - Cannot read IP mode file for WES.I-CUBE-Cesium.1.3.0
2024-03-03 16:51:40,094 [WARN] PackLoader:240 - Cannot read IP mode file for STMicroelectronics.X-CUBE-BLE2.3.3.0
2024-03-03 16:51:40,099 [WARN] PackLoader:240 - Cannot read IP mode file for STMicroelectronics.X-CUBE-ALGOBUILD.1.3.0
2024-03-03 16:51:40,108 [WARN] PackLoader:240 - Cannot read IP mode file for STMicroelectronics.X-CUBE-AZRTOS-G0.1.1.0
2024-03-03 16:51:40,115 [WARN] PackLoader:240 - Cannot read IP mode file for STMicroelectronics.X-CUBE-NFC4.3.0.0
2024-03-03 16:51:40,120 [WARN] PackLoader:240 - Cannot read IP mode file for STMicroelectronics.X-CUBE-BLEMGR.3.0.0
2024-03-03 16:51:40,124 [WARN] PackLoader:240 - Cannot read IP mode file for STMicroelectronics.FP-ATR-SIGFOX1.3.2.0
2024-03-03 16:51:40,127 [WARN] PackLoader:240 - Cannot read IP mode file for STMicroelectronics.X-CUBE-EEPRMA1.5.1.0
2024-03-03 16:51:40,151 [WARN] PackLoader:240 - Cannot read IP mode file for SEGGER.I-CUBE-embOS.1.3.1
2024-03-03 16:51:40,192 [WARN] PackLoader:240 - Cannot read IP mode file for STMicroelectronics.X-CUBE-GNSS1.6.0.0
2024-03-03 16:51:40,207 [WARN] PackLoader:240 - Cannot read IP mode file for STMicroelectronics.X-CUBE-AZRTOS-F4.1.1.0
2024-03-03 16:51:40,213 [WARN] PackLoader:240 - Cannot read IP mode file for wolfSSL.I-CUBE-wolfSSL.5.6.4
2024-03-03 16:51:40,238 [WARN] PackLoader:240 - Cannot read IP mode file for STMicroelectronics.X-CUBE-AZRTOS-L5.2.0.0
2024-03-03 16:51:40,244 [WARN] PackLoader:240 - Cannot read IP mode file for STMicroelectronics.X-CUBE-EEPRMA1.4.2.0
2024-03-03 16:51:40,259 [WARN] PackLoader:240 - Cannot read IP mode file for ITTIA_DB.I-CUBE-ITTIADB.8.8.0
2024-03-03 16:51:40,265 [WARN] PackLoader:240 - Cannot read IP mode file for STMicroelectronics.X-CUBE-NFC7.1.0.1
2024-03-03 16:51:40,270 [WARN] PackLoader:240 - Cannot read IP mode file for STMicroelectronics.X-CUBE-NFC6.3.0.0
2024-03-03 16:51:40,274 [WARN] PackLoader:240 - Cannot read IP mode file for STMicroelectronics.X-CUBE-AI.8.1.0
2024-03-03 16:51:40,285 [WARN] ConditionMgr:438 - getConditionDescription Invalid condition id : LAN8742 Phy interface Condition cause : null
2024-03-03 16:51:40,286 [WARN] PackLoader:240 - Cannot read IP mode file for STMicroelectronics.X-CUBE-AZRTOS-L4.2.0.0
2024-03-03 16:51:40,287 [WARN] ConditionMgr:1039 - genDependencies : Invalid condition id : LAN8742 Phy interface Condition cause : null
2024-03-03 16:51:40,287 [WARN] ConditionMgr:1039 - genDependencies : Invalid condition id : LAN8742 Phy interface Condition cause : null
2024-03-03 16:51:40,287 [WARN] ConditionMgr:1039 - genDependencies : Invalid condition id : LAN8742 Phy interface Condition cause : null
2024-03-03 16:51:40,292 [WARN] PackLoader:240 - Cannot read IP mode file for STMicroelectronics.X-CUBE-SFXS2LP1.4.0.0
2024-03-03 16:51:40,299 [WARN] ConditionMgr:438 - getConditionDescription Invalid condition id : UX DEVICE CLASS RTOS Condition cause : null
2024-03-03 16:51:40,299 [WARN] ConditionMgr:438 - getConditionDescription Invalid condition id : UX DEVICE CLASS RTOS Condition cause : null
2024-03-03 16:51:40,300 [WARN] PackLoader:240 - Cannot read IP mode file for STMicroelectronics.X-CUBE-AZRTOS-WB.2.0.0
2024-03-03 16:51:40,301 [WARN] ConditionMgr:1039 - genDependencies : Invalid condition id : UX DEVICE CLASS RTOS Condition cause : null
2024-03-03 16:51:40,301 [WARN] ConditionMgr:1039 - genDependencies : Invalid condition id : UX DEVICE CLASS RTOS Condition cause : null
2024-03-03 16:51:40,301 [WARN] ConditionMgr:1039 - genDependencies : Invalid condition id : UX DEVICE CLASS RTOS Condition cause : null
2024-03-03 16:51:40,301 [WARN] ConditionMgr:1039 - genDependencies : Invalid condition id : UX DEVICE CLASS RTOS Condition cause : null
2024-03-03 16:51:40,301 [WARN] ConditionMgr:1039 - genDependencies : Invalid condition id : UX DEVICE CLASS RTOS Condition cause : null
2024-03-03 16:51:40,307 [WARN] PackLoader:240 - Cannot read IP mode file for STMicroelectronics.X-CUBE-SUBG2.5.0.0
2024-03-03 16:51:40,318 [WARN] PackLoader:240 - Cannot read IP mode file for STMicroelectronics.X-CUBE-AZRTOS-G4.2.0.0
2024-03-03 16:51:40,324 [WARN] PackLoader:240 - Cannot read IP mode file for Infineon.AIROC-Wi-Fi-Bluetooth-STM32.1.5.1
2024-03-03 16:51:40,348 [WARN] PackLoader:240 - Cannot read IP mode file for STMicroelectronics.FP-SNS-MOTENVWB1.1.3.1
2024-03-03 16:51:40,352 [WARN] PackLoader:240 - Cannot read IP mode file for STMicroelectronics.X-CUBE-ISPU.2.0.0
2024-03-03 16:51:40,396 [WARN] PackLoader:240 - Cannot read IP mode file for STMicroelectronics.X-CUBE-MEMS1.10.0.0
2024-03-03 16:51:40,468 [WARN] PackLoader:240 - Cannot read IP mode file for STMicroelectronics.X-CUBE-FREERTOS.1.1.0
2024-03-03 16:51:40,471 [WARN] PackLoader:240 - Cannot read IP mode file for portGmbH.I-Cube-SoM-uGOAL.1.1.0
2024-03-03 16:51:40,475 [WARN] PackLoader:240 - Cannot read IP mode file for STMicroelectronics.X-CUBE-ALS.1.0.1
2024-03-03 16:51:40,481 [WARN] PackLoader:240 - Cannot read IP mode file for STMicroelectronics.FP-ATR-ASTRA1.2.0.0
2024-03-03 16:51:40,487 [WARN] PackLoader:240 - Cannot read IP mode file for STMicroelectronics.X-CUBE-TOF1.3.4.0
2024-03-03 16:51:40,507 [WARN] PackLoader:240 - Cannot read IP mode file for STMicroelectronics.X-CUBE-AZRTOS-H7.3.2.0
2024-03-03 16:51:40,510 [INFO] ThirdParty:978 - Integrity check success = true
2024-03-03 16:51:40,511 [INFO] IntegrityCheckThread:100 - exiting critical section [integrity check]
2024-03-03 16:51:40,511 [INFO] IntegrityCheckThread:103 - End integrity checks thread
2024-03-03 16:51:59,607 [ERROR] LogOutputStream:75 - [STDERR_REDIRECT] SLF4J: Failed to load class "org.slf4j.impl.StaticLoggerBinder".
2024-03-03 16:51:59,607 [ERROR] LogOutputStream:75 - [STDERR_REDIRECT] SLF4J: Defaulting to no-operation (NOP) logger implementation
2024-03-03 16:51:59,607 [ERROR] LogOutputStream:75 - [STDERR_REDIRECT] SLF4J: See http://www.slf4j.org/codes.html#StaticLoggerBinder for further details.
