2024-03-12 12:44:51,334 [INFO] Activator:176 - 


2024-03-12 12:44:51,337 [INFO] Activator:177 - !SESSION log4j initialized
2024-03-12 12:44:55,020 [INFO] LogOutputStream:77 - [STDOUT_REDIRECT] 
2024-03-12 12:44:55,762 [INFO] ApplicationProperties:184 - Using Application install path: /opt/st/stm32cubeide_1.14.0/plugins/com.st.stm32cube.common.mx_6.10.0.202311202037
2024-03-12 12:44:55,774 [INFO] DbMcusXml:78 - Set database path to: /opt/st/stm32cubeide_1.14.0/plugins/com.st.stm32cube.common.mx_6.10.0.202311202037//db//mcu/
2024-03-12 12:44:55,774 [INFO] ApiDb:274 - Set plugin database path to: /opt/st/stm32cubeide_1.14.0/plugins/com.st.stm32cube.common.mx_6.10.0.202311202037//db//plugins/boardmanager/
2024-03-12 12:44:55,774 [WARN] ApiDb:259 - Overriding images path with different value:  => /opt/st/stm32cubeide_1.14.0/plugins/com.st.stm32cube.common.mx_6.10.0.202311202037//db//plugins/mcufinder/images/
2024-03-12 12:44:55,779 [INFO] ApiDb:250 - Set database path to: /home/hk/.stmcufinder/plugins/mcufinder//mcu/
2024-03-12 12:44:55,780 [INFO] DbMcusAds:125 - Set database path to: /home/hk/.stmcufinder/plugins/mcufinder//mcu/
2024-03-12 12:44:55,781 [INFO] CrossReferenceDbSqlite:203 - Set database path to: /home/hk/.stmcufinder/plugins/mcufinder//mcu/cs/
2024-03-12 12:44:55,855 [INFO] RulesReader:64 - Compatibility file has been processed (297 Rules)
2024-03-12 12:44:55,905 [INFO] DbMcusXml:78 - Set database path to: /opt/st/stm32cubeide_1.14.0/plugins/com.st.stm32cube.common.mx_6.10.0.202311202037//db//mcu/
2024-03-12 12:44:55,905 [INFO] ApiDb:274 - Set plugin database path to: /opt/st/stm32cubeide_1.14.0/plugins/com.st.stm32cube.common.mx_6.10.0.202311202037//db//plugins/boardmanager/
2024-03-12 12:44:55,905 [INFO] ApiDb:261 - Set plugin images path to: /opt/st/stm32cubeide_1.14.0/plugins/com.st.stm32cube.common.mx_6.10.0.202311202037//db//plugins/mcufinder/images/
2024-03-12 12:44:55,906 [WARN] DbFile:41 - Overriding database path with different value: /home/hk/.stmcufinder/plugins/mcufinder/ => /home/hk/.stmcufinder/plugins/mcufinder
2024-03-12 12:44:55,906 [INFO] ApiDb:250 - Set database path to: /home/hk/.stmcufinder/plugins/mcufinder//mcu/
2024-03-12 12:44:55,906 [WARN] DbFile:41 - Overriding database path with different value: /home/hk/.stmcufinder/plugins/mcufinder/ => /home/hk/.stmcufinder/plugins/mcufinder
2024-03-12 12:44:55,906 [INFO] DbMcusAds:125 - Set database path to: /home/hk/.stmcufinder/plugins/mcufinder//mcu/
2024-03-12 12:44:55,906 [WARN] DbFile:41 - Overriding database path with different value: /home/hk/.stmcufinder/plugins/mcufinder/ => /home/hk/.stmcufinder/plugins/mcufinder
2024-03-12 12:44:55,906 [WARN] DbFile:41 - Overriding database path with different value: /home/hk/.stmcufinder/plugins/mcufinder/ => /home/hk/.stmcufinder/plugins/mcufinder
2024-03-12 12:44:55,906 [INFO] CrossReferenceDbSqlite:203 - Set database path to: /home/hk/.stmcufinder/plugins/mcufinder//mcu/cs/
2024-03-12 12:44:55,956 [INFO] MainPanel:264 - HeapMemory: 268435456
2024-03-12 12:44:56,021 [INFO] DbMcusXml:78 - Set database path to: /opt/st/stm32cubeide_1.14.0/plugins/com.st.stm32cube.common.mx_6.10.0.202311202037//db//mcu/
2024-03-12 12:44:56,021 [INFO] ApiDb:274 - Set plugin database path to: /opt/st/stm32cubeide_1.14.0/plugins/com.st.stm32cube.common.mx_6.10.0.202311202037//db//plugins/boardmanager/
2024-03-12 12:44:56,021 [INFO] ApiDb:261 - Set plugin images path to: /opt/st/stm32cubeide_1.14.0/plugins/com.st.stm32cube.common.mx_6.10.0.202311202037//db//plugins/mcufinder/images/
2024-03-12 12:44:56,022 [WARN] DbFile:41 - Overriding database path with different value: /home/hk/.stmcufinder/plugins/mcufinder/ => /home/hk/.stmcufinder/plugins/mcufinder
2024-03-12 12:44:56,022 [INFO] ApiDb:250 - Set database path to: /home/hk/.stmcufinder/plugins/mcufinder//mcu/
2024-03-12 12:44:56,022 [WARN] DbFile:41 - Overriding database path with different value: /home/hk/.stmcufinder/plugins/mcufinder/ => /home/hk/.stmcufinder/plugins/mcufinder
2024-03-12 12:44:56,022 [INFO] DbMcusAds:125 - Set database path to: /home/hk/.stmcufinder/plugins/mcufinder//mcu/
2024-03-12 12:44:56,022 [WARN] DbFile:41 - Overriding database path with different value: /home/hk/.stmcufinder/plugins/mcufinder/ => /home/hk/.stmcufinder/plugins/mcufinder
2024-03-12 12:44:56,022 [WARN] DbFile:41 - Overriding database path with different value: /home/hk/.stmcufinder/plugins/mcufinder/ => /home/hk/.stmcufinder/plugins/mcufinder
2024-03-12 12:44:56,022 [INFO] CrossReferenceDbSqlite:203 - Set database path to: /home/hk/.stmcufinder/plugins/mcufinder//mcu/cs/
2024-03-12 12:44:56,033 [INFO] ApplicationProperties:184 - Using Application install path: /opt/st/stm32cubeide_1.14.0/plugins/com.st.stm32cube.common.mx_6.10.0.202311202037
2024-03-12 12:44:56,035 [INFO] PluginManage:196 - Search for loadable plugins [exclusion list=, ]
2024-03-12 12:44:56,035 [INFO] PluginManage:310 - Check plugin analytics
2024-03-12 12:44:56,135 [INFO] AnalyticsPlugin:253 - Accepted Software Licenses: 
2024-03-12 12:44:56,135 [INFO] AnalyticsPlugin:255 - Accepted CMSIS Pack Licenses: 
2024-03-12 12:44:56,135 [INFO] AnalyticsPlugin:257 - Accepted Firmware Licenses: FW.G0.1.6.0,FW.L4.1.18.0
2024-03-12 12:44:56,137 [INFO] PluginManage:359 - Loaded plugin analytics (category:tool,tabindex:-1)
2024-03-12 12:44:56,137 [INFO] PluginManage:310 - Check plugin cadmodel
2024-03-12 12:44:56,156 [INFO] CADModel:105 - Init CAD model plugin
2024-03-12 12:44:56,156 [INFO] PluginManage:359 - Loaded plugin cadmodel (category:power,tabindex:5)
2024-03-12 12:44:56,156 [INFO] PluginManage:310 - Check plugin clock
2024-03-12 12:44:56,163 [INFO] PluginManage:359 - Loaded plugin clock (category:base,tabindex:2)
2024-03-12 12:44:56,163 [INFO] PluginManage:310 - Check plugin ddr
2024-03-12 12:44:56,165 [INFO] PluginManage:359 - Loaded plugin ddr (category:tool,tabindex:6)
2024-03-12 12:44:56,165 [INFO] PluginManage:310 - Check plugin filemanager
2024-03-12 12:44:56,261 [INFO] PluginManage:359 - Loaded plugin filemanager (category:base,tabindex:10)
2024-03-12 12:44:56,261 [INFO] PluginManage:310 - Check plugin ipmanager
2024-03-12 12:44:56,265 [INFO] PluginManage:359 - Loaded plugin ipmanager (category:base,tabindex:5)
2024-03-12 12:44:56,266 [INFO] PluginManage:310 - Check plugin lpbam
2024-03-12 12:44:56,273 [INFO] PluginManage:359 - Loaded plugin lpbam (category:base,tabindex:0)
2024-03-12 12:44:56,273 [INFO] PluginManage:310 - Check plugin memorymap
2024-03-12 12:44:56,282 [INFO] PluginManage:359 - Loaded plugin memorymap (category:base,tabindex:4)
2024-03-12 12:44:56,282 [INFO] PluginManage:310 - Check plugin pinoutandconfiguration
2024-03-12 12:44:56,288 [INFO] PluginManage:359 - Loaded plugin pinoutandconfiguration (category:base,tabindex:1)
2024-03-12 12:44:56,288 [INFO] PluginManage:310 - Check plugin pinoutconfig
2024-03-12 12:44:56,351 [WARN] SupportedApi:132 - Cannot load RTOS API schema: s4s-elt-must-match.1: The content of 'definitions' must match (annotation?, (simpleType | complexType)?, (unique | key | keyref)*)). A problem was found starting at: attribute.
2024-03-12 12:44:56,443 [INFO] PluginManage:359 - Loaded plugin pinoutconfig (category:base,tabindex:0)
2024-03-12 12:44:56,443 [INFO] PluginManage:310 - Check plugin power
2024-03-12 12:44:56,450 [INFO] PluginManage:359 - Loaded plugin power (category:power,tabindex:4)
2024-03-12 12:44:56,450 [INFO] PluginManage:310 - Check plugin projectmanager
2024-03-12 12:44:56,461 [INFO] PluginManage:359 - Loaded plugin projectmanager (category:projectmanager,tabindex:3)
2024-03-12 12:44:56,461 [INFO] PluginManage:310 - Check plugin thirdparty
2024-03-12 12:44:56,544 [WARN] IntegrityCheckThread:84 - waiting for thirdparty lock release [integrity check]
2024-03-12 12:44:56,544 [INFO] PluginManage:359 - Loaded plugin thirdparty (category:base,tabindex:-1)
2024-03-12 12:44:56,544 [INFO] IntegrityCheckThread:86 - entering critical section [integrity check]
2024-03-12 12:44:56,544 [INFO] PluginManage:310 - Check plugin tools
2024-03-12 12:44:56,544 [INFO] ThirdPartyUpdaterWithRetryManager:70 - Updater plugin not ready yet. [1/15]
2024-03-12 12:44:56,545 [INFO] PluginManage:359 - Loaded plugin tools (category:base,tabindex:7)
2024-03-12 12:44:56,546 [INFO] PluginManage:310 - Check plugin tutovideos
2024-03-12 12:44:56,674 [INFO] PluginManage:359 - Loaded plugin tutovideos (category:base,tabindex:-1)
2024-03-12 12:44:56,675 [INFO] PluginManage:310 - Check plugin updater
2024-03-12 12:44:56,683 [INFO] PluginManage:359 - Loaded plugin updater (category:base,tabindex:12)
2024-03-12 12:44:56,683 [INFO] PluginManage:310 - Check plugin userauth
2024-03-12 12:44:56,687 [INFO] UserAuth:114 - Init User Auth plugin
2024-03-12 12:44:56,687 [INFO] PluginManage:359 - Loaded plugin userauth (category:base,tabindex:14)
2024-03-12 12:44:56,688 [INFO] PluginManage:283 - PluginManage : Loaded plugins [17]
2024-03-12 12:44:56,818 [INFO] PinOutPanel:1499 - setPackage(No Configuration,No Configuration)
2024-03-12 12:44:56,862 [INFO] CADModel:165 - CPN selected for project level
2024-03-12 12:44:56,862 [INFO] CADModel:114 - Register for checkConnection events
2024-03-12 12:44:56,872 [INFO] IPUIPlugin:80 - create IPUIPlugin
2024-03-12 12:44:56,872 [INFO] PluginManager:220 - loadIPPluginJar : add pdm2pcm
2024-03-12 12:44:56,873 [INFO] IPUIPlugin:80 - create IPUIPlugin
2024-03-12 12:44:56,873 [INFO] PluginManager:220 - loadIPPluginJar : add hash
2024-03-12 12:44:56,877 [INFO] IPUIPlugin:80 - create IPUIPlugin
2024-03-12 12:44:56,877 [INFO] PluginManager:220 - loadIPPluginJar : add resmgrutility
2024-03-12 12:44:56,878 [INFO] IPUIPlugin:80 - create IPUIPlugin
2024-03-12 12:44:56,878 [INFO] PluginManager:220 - loadIPPluginJar : add i2c
2024-03-12 12:44:56,883 [INFO] IPUIPlugin:80 - create IPUIPlugin
2024-03-12 12:44:56,884 [INFO] PluginManager:220 - loadIPPluginJar : add linkedlist
2024-03-12 12:44:56,885 [INFO] IPUIPlugin:80 - create IPUIPlugin
2024-03-12 12:44:56,885 [INFO] PluginManager:220 - loadIPPluginJar : add spi
2024-03-12 12:44:56,886 [INFO] IPUIPlugin:80 - create IPUIPlugin
2024-03-12 12:44:56,886 [INFO] PluginManager:220 - loadIPPluginJar : add i2s
2024-03-12 12:44:56,888 [INFO] IPUIPlugin:80 - create IPUIPlugin
2024-03-12 12:44:56,888 [INFO] PluginManager:220 - loadIPPluginJar : add can
2024-03-12 12:44:56,889 [INFO] IPUIPlugin:80 - create IPUIPlugin
2024-03-12 12:44:56,889 [INFO] PluginManager:220 - loadIPPluginJar : add usart
2024-03-12 12:44:56,890 [INFO] IPUIPlugin:80 - create IPUIPlugin
2024-03-12 12:44:56,890 [INFO] PluginManager:220 - loadIPPluginJar : add quadspi
2024-03-12 12:44:56,891 [INFO] IPUIPlugin:80 - create IPUIPlugin
2024-03-12 12:44:56,891 [INFO] PluginManager:220 - loadIPPluginJar : add aes
2024-03-12 12:44:56,895 [INFO] IPUIPlugin:80 - create IPUIPlugin
2024-03-12 12:44:56,897 [INFO] PluginManager:220 - loadIPPluginJar : add plateformsettings
2024-03-12 12:44:56,901 [INFO] IPUIPlugin:80 - create IPUIPlugin
2024-03-12 12:44:56,901 [INFO] PluginManager:220 - loadIPPluginJar : add gic
2024-03-12 12:44:56,902 [INFO] IPUIPlugin:80 - create IPUIPlugin
2024-03-12 12:44:56,902 [INFO] PluginManager:220 - loadIPPluginJar : add tsc
2024-03-12 12:44:56,903 [INFO] IPUIPlugin:80 - create IPUIPlugin
2024-03-12 12:44:56,904 [INFO] PluginManager:220 - loadIPPluginJar : add opamp
2024-03-12 12:44:56,905 [INFO] IPUIPlugin:80 - create IPUIPlugin
2024-03-12 12:44:56,905 [INFO] PluginManager:220 - loadIPPluginJar : add cryp
2024-03-12 12:44:56,906 [INFO] IPUIPlugin:80 - create IPUIPlugin
2024-03-12 12:44:56,906 [INFO] PluginManager:220 - loadIPPluginJar : add tracer_emb
2024-03-12 12:44:56,910 [INFO] IPUIPlugin:80 - create IPUIPlugin
2024-03-12 12:44:56,910 [INFO] PluginManager:220 - loadIPPluginJar : add freertos
2024-03-12 12:44:56,914 [INFO] IPUIPlugin:80 - create IPUIPlugin
2024-03-12 12:44:56,914 [INFO] PluginManager:220 - loadIPPluginJar : add mdma
2024-03-12 12:44:56,915 [INFO] IPUIPlugin:80 - create IPUIPlugin
2024-03-12 12:44:56,915 [INFO] PluginManager:220 - loadIPPluginJar : add dfsdm
2024-03-12 12:44:56,919 [INFO] IPUIPlugin:80 - create IPUIPlugin
2024-03-12 12:44:56,919 [INFO] PluginManager:220 - loadIPPluginJar : add adc
2024-03-12 12:44:56,921 [INFO] IPUIPlugin:80 - create IPUIPlugin
2024-03-12 12:44:56,921 [INFO] PluginManager:220 - loadIPPluginJar : add ipddr
2024-03-12 12:44:56,925 [INFO] IPUIPlugin:80 - create IPUIPlugin
2024-03-12 12:44:56,925 [INFO] PluginManager:220 - loadIPPluginJar : add dma
2024-03-12 12:44:56,928 [INFO] IPUIPlugin:80 - create IPUIPlugin
2024-03-12 12:44:56,929 [INFO] PluginManager:220 - loadIPPluginJar : add stm32_wpan
2024-03-12 12:44:56,931 [INFO] IPUIPlugin:80 - create IPUIPlugin
2024-03-12 12:44:56,931 [INFO] PluginManager:220 - loadIPPluginJar : add nvic
2024-03-12 12:44:56,932 [INFO] IPUIPlugin:80 - create IPUIPlugin
2024-03-12 12:44:56,932 [INFO] PluginManager:220 - loadIPPluginJar : add tim
2024-03-12 12:44:56,944 [INFO] IPUIPlugin:80 - create IPUIPlugin
2024-03-12 12:44:56,944 [INFO] PluginManager:220 - loadIPPluginJar : add sai
2024-03-12 12:44:56,946 [INFO] IPUIPlugin:80 - create IPUIPlugin
2024-03-12 12:44:56,946 [INFO] PluginManager:220 - loadIPPluginJar : add gfxmmu
2024-03-12 12:44:56,948 [INFO] IPUIPlugin:80 - create IPUIPlugin
2024-03-12 12:44:56,948 [INFO] PluginManager:220 - loadIPPluginJar : add openamp
2024-03-12 12:44:56,950 [INFO] IPUIPlugin:80 - create IPUIPlugin
2024-03-12 12:44:56,950 [INFO] PluginManager:220 - loadIPPluginJar : add touchsensing
2024-03-12 12:44:56,951 [INFO] IPUIPlugin:80 - create IPUIPlugin
2024-03-12 12:44:56,951 [INFO] PluginManager:220 - loadIPPluginJar : add genericplugin
2024-03-12 12:44:56,953 [INFO] IPUIPlugin:80 - create IPUIPlugin
2024-03-12 12:44:56,953 [INFO] PluginManager:220 - loadIPPluginJar : add ts
2024-03-12 12:44:56,956 [INFO] IPUIPlugin:80 - create IPUIPlugin
2024-03-12 12:44:56,956 [INFO] PluginManager:220 - loadIPPluginJar : add fmc
2024-03-12 12:44:56,957 [INFO] IPUIPlugin:80 - create IPUIPlugin
2024-03-12 12:44:56,957 [INFO] PluginManager:220 - loadIPPluginJar : add ucpd
2024-03-12 12:44:56,968 [INFO] IPUIPlugin:80 - create IPUIPlugin
2024-03-12 12:44:56,968 [INFO] PluginManager:220 - loadIPPluginJar : add usbx
2024-03-12 12:44:56,971 [INFO] IPUIPlugin:80 - create IPUIPlugin
2024-03-12 12:44:56,971 [INFO] PluginManager:220 - loadIPPluginJar : add lorawan
2024-03-12 12:44:56,973 [INFO] IPUIPlugin:80 - create IPUIPlugin
2024-03-12 12:44:56,973 [INFO] PluginManager:220 - loadIPPluginJar : add i3c
2024-03-12 12:44:56,974 [INFO] IPUIPlugin:80 - create IPUIPlugin
2024-03-12 12:44:56,974 [INFO] PluginManager:220 - loadIPPluginJar : add fatfs
2024-03-12 12:44:56,976 [INFO] IPUIPlugin:80 - create IPUIPlugin
2024-03-12 12:44:56,976 [INFO] PluginManager:220 - loadIPPluginJar : add dma3
2024-03-12 12:44:56,982 [INFO] IPUIPlugin:80 - create IPUIPlugin
2024-03-12 12:44:56,982 [INFO] PluginManager:220 - loadIPPluginJar : add comp
2024-03-12 12:44:56,985 [INFO] IPUIPlugin:80 - create IPUIPlugin
2024-03-12 12:44:56,985 [INFO] PluginManager:220 - loadIPPluginJar : add gpio
2024-03-12 12:44:56,987 [INFO] IPUIPlugin:80 - create IPUIPlugin
2024-03-12 12:44:56,987 [INFO] PluginManager:220 - loadIPPluginJar : add gtzc
2024-03-12 12:44:56,988 [INFO] IPUIPlugin:80 - create IPUIPlugin
2024-03-12 12:44:56,988 [INFO] PluginManager:220 - loadIPPluginJar : add ltdc
2024-03-12 12:44:57,087 [INFO] CADModel:165 - CPN selected for project level
2024-03-12 12:44:57,088 [INFO] CADModel:114 - Register for checkConnection events
2024-03-12 12:44:57,088 [FATAL] Updater:308 - Updater called before beeing initialized
2024-03-12 12:44:57,089 [ERROR] CADModel:125 - Updater not yet initialized, retry later 
2024-03-12 12:44:57,184 [INFO] CADModel:165 - CPN selected for project level
2024-03-12 12:44:57,184 [INFO] CADModel:114 - Register for checkConnection events
2024-03-12 12:44:57,185 [FATAL] Updater:308 - Updater called before beeing initialized
2024-03-12 12:44:57,185 [ERROR] CADModel:125 - Updater not yet initialized, retry later 
2024-03-12 12:44:57,187 [FATAL] Updater:308 - Updater called before beeing initialized
2024-03-12 12:44:57,247 [FATAL] Updater:308 - Updater called before beeing initialized
2024-03-12 12:44:57,249 [INFO] DbMcusAds:53 - JSON generation date=Wed Nov 29 13:52:27 TRT 2023 (1701255147349)
2024-03-12 12:44:57,249 [FATAL] Updater:308 - Updater called before beeing initialized
2024-03-12 12:44:57,276 [WARN] DetailPanel:346 - Failed to get advertising image, set to default
2024-03-12 12:44:57,349 [FATAL] Updater:308 - Updater called before beeing initialized
2024-03-12 12:44:57,350 [FATAL] Updater:308 - Updater called before beeing initialized
2024-03-12 12:44:57,351 [FATAL] Updater:308 - Updater called before beeing initialized
2024-03-12 12:44:57,351 [WARN] DetailPanel:346 - Failed to get advertising image, set to default
2024-03-12 12:44:57,351 [FATAL] Updater:308 - Updater called before beeing initialized
2024-03-12 12:44:57,373 [ERROR] Updater:1120 - MainUpdater not yet initialized. External WinMGr cannot be set.
2024-03-12 12:44:57,375 [INFO] Updater:1056 - Updater Version found : 6.10.0
2024-03-12 12:44:57,387 [INFO] ApplicationProperties:184 - Using Application install path: /opt/st/stm32cubeide_1.14.0/plugins/com.st.stm32cube.common.mx_6.10.0.202311202037
2024-03-12 12:44:57,605 [INFO] MainUpdater:2873 - connection check result : 10
2024-03-12 12:44:57,605 [INFO] MainUpdater:3567 - Updater definition file requires update
2024-03-12 12:44:57,606 [INFO] MainUpdater:290 - Updater Check For Update Now.
2024-03-12 12:44:57,606 [INFO] MicroXplorer:498 - Change Database Version : DB.6.0.100
2024-03-12 12:44:57,610 [INFO] McuFinderGlobals:63 - Set McuFinder mode to 2 (CubeIDE integrated)
2024-03-12 12:44:57,676 [INFO] ServerAccessManage:473 - Download File updaters.zip
2024-03-12 12:44:57,953 [INFO] FileExtend:240 - Unzip File : updaters.zip
2024-03-12 12:44:57,953 [INFO] FileExtend:255 - Standard Zip Deflate
2024-03-12 12:44:58,044 [INFO] ServerAccessManage:473 - Download File PacksControlFlags.xml
2024-03-12 12:44:58,081 [INFO] UserAuth:404 - Internet connection configuration mode: 1
2024-03-12 12:44:58,093 [INFO] JxBrowserEngine:152 - Initiate JxBrowser Engine with user profile folder
2024-03-12 12:44:58,114 [INFO] ServerAccessManage:473 - Download File cubemx.pidx
2024-03-12 12:44:58,150 [INFO] LoadServerUpdatesThread:375 - End of LoadServerUpdate Thread
2024-03-12 12:44:58,274 [INFO] CheckServerUpdateThread:120 - End of CheckServer Thread
2024-03-12 12:44:58,742 [INFO] WebApp:161 - Instantiating new browser for Auth
2024-03-12 12:44:59,147 [INFO] WebApp:780 - Register for checkConnection events
2024-03-12 12:44:59,147 [INFO] WebApp:414 - Apply proxy settings
2024-03-12 12:44:59,147 [INFO] WebApp:499 - Chromium requires no authentication
2024-03-12 12:44:59,150 [INFO] WebApp:442 - Direct internet connection detected
2024-03-12 12:44:59,209 [INFO] WebApp:192 - Starting web application
2024-03-12 12:44:59,209 [INFO] WebApp:544 - Web application path used /opt/st/stm32cubeide_1.14.0/plugins/com.st.stm32cube.common.mx_6.10.0.202311202037/db/plugins/mcufinder/reactClient1/index.html
2024-03-12 12:44:59,609 [WARN] PackLoader:240 - Cannot read IP mode file for STMicroelectronics.X-CUBE-SMBUS.2.1.0
2024-03-12 12:44:59,612 [WARN] PackLoader:240 - Cannot read IP mode file for STMicroelectronics.X-CUBE-TOUCHGFX.4.23.0
2024-03-12 12:44:59,630 [WARN] PackLoader:240 - Cannot read IP mode file for STMicroelectronics.X-CUBE-AZRTOS-F7.1.1.0
2024-03-12 12:44:59,636 [WARN] PackLoader:240 - Cannot read IP mode file for STMicroelectronics.FP-SNS-MOTENV1.4.3.2
2024-03-12 12:44:59,647 [WARN] PackLoader:240 - Cannot read IP mode file for STMicroelectronics.FP-SNS-FLIGHT1.5.0.2
2024-03-12 12:44:59,653 [WARN] PackLoader:240 - Cannot read IP mode file for STMicroelectronics.X-CUBE-DISPLAY.3.0.0
2024-03-12 12:44:59,669 [WARN] PackLoader:240 - Cannot read IP mode file for STMicroelectronics.X-CUBE-BLE1.7.0.0
2024-03-12 12:44:59,677 [WARN] PackLoader:240 - Cannot read IP mode file for emotas.I-CUBE-CANOPEN.1.3.0
2024-03-12 12:44:59,682 [WARN] PackLoader:240 - Cannot read IP mode file for STMicroelectronics.X-CUBE-TOUCHGFX.4.22.1
2024-03-12 12:44:59,692 [WARN] PackLoader:240 - Cannot read IP mode file for STMicroelectronics.X-CUBE-BLEMGR.3.1.0
2024-03-12 12:44:59,700 [WARN] PackLoader:240 - Cannot read IP mode file for STMicroelectronics.FP-SNS-SMARTAG2.1.2.0
2024-03-12 12:44:59,709 [INFO] LogOutputStream:77 - [STDOUT_REDIRECT] 1 : Invalid condition id : UX_CORESTACK_Condition cause : null
2024-03-12 12:44:59,710 [INFO] LogOutputStream:77 - [STDOUT_REDIRECT] 1 : Invalid condition id : UX_CORESTACK_Condition cause : null
2024-03-12 12:44:59,710 [INFO] LogOutputStream:77 - [STDOUT_REDIRECT] 1 : Invalid condition id : UX_CORESTACK_Condition cause : null
2024-03-12 12:44:59,710 [INFO] LogOutputStream:77 - [STDOUT_REDIRECT] 1 : Invalid condition id : UX_CORESTACK_Condition cause : null
2024-03-12 12:44:59,710 [INFO] LogOutputStream:77 - [STDOUT_REDIRECT] 1 : Invalid condition id : UX_CORESTACK_Condition cause : null
2024-03-12 12:44:59,713 [WARN] PackLoader:240 - Cannot read IP mode file for STMicroelectronics.X-CUBE-AZRTOS-WL.2.0.0
2024-03-12 12:44:59,720 [WARN] PackLoader:240 - Cannot read IP mode file for WES.I-CUBE-Cesium.1.3.0
2024-03-12 12:44:59,724 [WARN] PackLoader:240 - Cannot read IP mode file for STMicroelectronics.X-CUBE-BLE2.3.3.0
2024-03-12 12:44:59,729 [WARN] PackLoader:240 - Cannot read IP mode file for STMicroelectronics.X-CUBE-ALGOBUILD.1.3.0
2024-03-12 12:44:59,742 [WARN] PackLoader:240 - Cannot read IP mode file for STMicroelectronics.X-CUBE-AZRTOS-G0.1.1.0
2024-03-12 12:44:59,748 [WARN] PackLoader:240 - Cannot read IP mode file for STMicroelectronics.X-CUBE-NFC4.3.0.0
2024-03-12 12:44:59,756 [WARN] PackLoader:240 - Cannot read IP mode file for STMicroelectronics.X-CUBE-BLEMGR.3.0.0
2024-03-12 12:44:59,761 [WARN] PackLoader:240 - Cannot read IP mode file for STMicroelectronics.FP-ATR-SIGFOX1.3.2.0
2024-03-12 12:44:59,766 [WARN] PackLoader:240 - Cannot read IP mode file for STMicroelectronics.X-CUBE-EEPRMA1.5.1.0
2024-03-12 12:44:59,795 [WARN] PackLoader:240 - Cannot read IP mode file for SEGGER.I-CUBE-embOS.1.3.1
2024-03-12 12:44:59,834 [WARN] PackLoader:240 - Cannot read IP mode file for STMicroelectronics.X-CUBE-GNSS1.6.0.0
2024-03-12 12:44:59,853 [WARN] PackLoader:240 - Cannot read IP mode file for STMicroelectronics.X-CUBE-AZRTOS-F4.1.1.0
2024-03-12 12:44:59,862 [WARN] PackLoader:240 - Cannot read IP mode file for wolfSSL.I-CUBE-wolfSSL.5.6.4
2024-03-12 12:44:59,879 [WARN] PackLoader:240 - Cannot read IP mode file for STMicroelectronics.X-CUBE-AZRTOS-L5.2.0.0
2024-03-12 12:44:59,890 [WARN] PackLoader:240 - Cannot read IP mode file for STMicroelectronics.X-CUBE-EEPRMA1.4.2.0
2024-03-12 12:44:59,897 [WARN] PackLoader:240 - Cannot read IP mode file for ITTIA_DB.I-CUBE-ITTIADB.8.8.0
2024-03-12 12:44:59,906 [WARN] PackLoader:240 - Cannot read IP mode file for STMicroelectronics.X-CUBE-NFC7.1.0.1
2024-03-12 12:44:59,915 [WARN] PackLoader:240 - Cannot read IP mode file for STMicroelectronics.X-CUBE-NFC6.3.0.0
2024-03-12 12:44:59,922 [WARN] PackLoader:240 - Cannot read IP mode file for STMicroelectronics.X-CUBE-AI.8.1.0
2024-03-12 12:44:59,945 [WARN] ConditionMgr:438 - getConditionDescription Invalid condition id : LAN8742 Phy interface Condition cause : null
2024-03-12 12:44:59,946 [WARN] PackLoader:240 - Cannot read IP mode file for STMicroelectronics.X-CUBE-AZRTOS-L4.2.0.0
2024-03-12 12:44:59,948 [WARN] ConditionMgr:1039 - genDependencies : Invalid condition id : LAN8742 Phy interface Condition cause : null
2024-03-12 12:44:59,949 [WARN] ConditionMgr:1039 - genDependencies : Invalid condition id : LAN8742 Phy interface Condition cause : null
2024-03-12 12:44:59,950 [WARN] ConditionMgr:1039 - genDependencies : Invalid condition id : LAN8742 Phy interface Condition cause : null
2024-03-12 12:44:59,959 [WARN] PackLoader:240 - Cannot read IP mode file for STMicroelectronics.X-CUBE-SFXS2LP1.4.0.0
2024-03-12 12:44:59,975 [WARN] ConditionMgr:438 - getConditionDescription Invalid condition id : UX DEVICE CLASS RTOS Condition cause : null
2024-03-12 12:44:59,976 [WARN] ConditionMgr:438 - getConditionDescription Invalid condition id : UX DEVICE CLASS RTOS Condition cause : null
2024-03-12 12:44:59,979 [WARN] PackLoader:240 - Cannot read IP mode file for STMicroelectronics.X-CUBE-AZRTOS-WB.2.0.0
2024-03-12 12:44:59,980 [WARN] ConditionMgr:1039 - genDependencies : Invalid condition id : UX DEVICE CLASS RTOS Condition cause : null
2024-03-12 12:44:59,980 [WARN] ConditionMgr:1039 - genDependencies : Invalid condition id : UX DEVICE CLASS RTOS Condition cause : null
2024-03-12 12:44:59,981 [WARN] ConditionMgr:1039 - genDependencies : Invalid condition id : UX DEVICE CLASS RTOS Condition cause : null
2024-03-12 12:44:59,981 [WARN] ConditionMgr:1039 - genDependencies : Invalid condition id : UX DEVICE CLASS RTOS Condition cause : null
2024-03-12 12:44:59,981 [WARN] ConditionMgr:1039 - genDependencies : Invalid condition id : UX DEVICE CLASS RTOS Condition cause : null
2024-03-12 12:44:59,993 [WARN] PackLoader:240 - Cannot read IP mode file for STMicroelectronics.X-CUBE-SUBG2.5.0.0
2024-03-12 12:45:00,012 [WARN] PackLoader:240 - Cannot read IP mode file for STMicroelectronics.X-CUBE-AZRTOS-G4.2.0.0
2024-03-12 12:45:00,028 [WARN] PackLoader:240 - Cannot read IP mode file for Infineon.AIROC-Wi-Fi-Bluetooth-STM32.1.5.1
2024-03-12 12:45:00,039 [WARN] PackLoader:240 - Cannot read IP mode file for STMicroelectronics.FP-SNS-MOTENVWB1.1.3.1
2024-03-12 12:45:00,045 [WARN] PackLoader:240 - Cannot read IP mode file for STMicroelectronics.X-CUBE-ISPU.2.0.0
2024-03-12 12:45:00,089 [WARN] PackLoader:240 - Cannot read IP mode file for STMicroelectronics.X-CUBE-MEMS1.10.0.0
2024-03-12 12:45:00,205 [WARN] PackLoader:240 - Cannot read IP mode file for STMicroelectronics.X-CUBE-FREERTOS.1.1.0
2024-03-12 12:45:00,212 [WARN] PackLoader:240 - Cannot read IP mode file for portGmbH.I-Cube-SoM-uGOAL.1.1.0
2024-03-12 12:45:00,217 [WARN] PackLoader:240 - Cannot read IP mode file for STMicroelectronics.X-CUBE-ALS.1.0.1
2024-03-12 12:45:00,221 [WARN] PackLoader:240 - Cannot read IP mode file for STMicroelectronics.FP-ATR-ASTRA1.2.0.0
2024-03-12 12:45:00,236 [WARN] PackLoader:240 - Cannot read IP mode file for STMicroelectronics.X-CUBE-TOF1.3.4.0
2024-03-12 12:45:00,256 [WARN] PackLoader:240 - Cannot read IP mode file for STMicroelectronics.X-CUBE-TOF1.3.4.1
2024-03-12 12:45:00,282 [WARN] PackLoader:240 - Cannot read IP mode file for STMicroelectronics.X-CUBE-AZRTOS-H7.3.2.0
2024-03-12 12:45:00,285 [INFO] ThirdParty:978 - Integrity check success = true
2024-03-12 12:45:00,286 [INFO] IntegrityCheckThread:100 - exiting critical section [integrity check]
2024-03-12 12:45:00,286 [INFO] IntegrityCheckThread:103 - End integrity checks thread
2024-03-12 12:45:19,535 [ERROR] LogOutputStream:75 - [STDERR_REDIRECT] SLF4J: Failed to load class "org.slf4j.impl.StaticLoggerBinder".
2024-03-12 12:45:19,536 [ERROR] LogOutputStream:75 - [STDERR_REDIRECT] SLF4J: Defaulting to no-operation (NOP) logger implementation
2024-03-12 12:45:19,536 [ERROR] LogOutputStream:75 - [STDERR_REDIRECT] SLF4J: See http://www.slf4j.org/codes.html#StaticLoggerBinder for further details.
2024-03-12 13:19:38,349 [ERROR] LogOutputStream:75 - [STDERR_REDIRECT] 
