2024-03-04 10:15:01,143 [INFO] Activator:176 - 


2024-03-04 10:15:01,149 [INFO] Activator:177 - !SESSION log4j initialized
2024-03-04 10:15:03,191 [INFO] LogOutputStream:77 - [STDOUT_REDIRECT] 
2024-03-04 10:15:04,742 [INFO] ApplicationProperties:184 - Using Application install path: /opt/st/stm32cubeide_1.14.0/plugins/com.st.stm32cube.common.mx_6.10.0.202311202037
2024-03-04 10:15:04,753 [INFO] DbMcusXml:78 - Set database path to: /opt/st/stm32cubeide_1.14.0/plugins/com.st.stm32cube.common.mx_6.10.0.202311202037//db//mcu/
2024-03-04 10:15:04,753 [INFO] ApiDb:274 - Set plugin database path to: /opt/st/stm32cubeide_1.14.0/plugins/com.st.stm32cube.common.mx_6.10.0.202311202037//db//plugins/boardmanager/
2024-03-04 10:15:04,753 [WARN] ApiDb:259 - Overriding images path with different value:  => /opt/st/stm32cubeide_1.14.0/plugins/com.st.stm32cube.common.mx_6.10.0.202311202037//db//plugins/mcufinder/images/
2024-03-04 10:15:04,758 [INFO] ApiDb:250 - Set database path to: /home/hk/.stmcufinder/plugins/mcufinder//mcu/
2024-03-04 10:15:04,758 [INFO] DbMcusAds:125 - Set database path to: /home/hk/.stmcufinder/plugins/mcufinder//mcu/
2024-03-04 10:15:04,760 [INFO] CrossReferenceDbSqlite:203 - Set database path to: /home/hk/.stmcufinder/plugins/mcufinder//mcu/cs/
2024-03-04 10:15:04,830 [INFO] RulesReader:64 - Compatibility file has been processed (297 Rules)
2024-03-04 10:15:04,874 [INFO] DbMcusXml:78 - Set database path to: /opt/st/stm32cubeide_1.14.0/plugins/com.st.stm32cube.common.mx_6.10.0.202311202037//db//mcu/
2024-03-04 10:15:04,874 [INFO] ApiDb:274 - Set plugin database path to: /opt/st/stm32cubeide_1.14.0/plugins/com.st.stm32cube.common.mx_6.10.0.202311202037//db//plugins/boardmanager/
2024-03-04 10:15:04,874 [INFO] ApiDb:261 - Set plugin images path to: /opt/st/stm32cubeide_1.14.0/plugins/com.st.stm32cube.common.mx_6.10.0.202311202037//db//plugins/mcufinder/images/
2024-03-04 10:15:04,874 [WARN] DbFile:41 - Overriding database path with different value: /home/hk/.stmcufinder/plugins/mcufinder/ => /home/hk/.stmcufinder/plugins/mcufinder
2024-03-04 10:15:04,875 [INFO] ApiDb:250 - Set database path to: /home/hk/.stmcufinder/plugins/mcufinder//mcu/
2024-03-04 10:15:04,875 [WARN] DbFile:41 - Overriding database path with different value: /home/hk/.stmcufinder/plugins/mcufinder/ => /home/hk/.stmcufinder/plugins/mcufinder
2024-03-04 10:15:04,875 [INFO] DbMcusAds:125 - Set database path to: /home/hk/.stmcufinder/plugins/mcufinder//mcu/
2024-03-04 10:15:04,875 [WARN] DbFile:41 - Overriding database path with different value: /home/hk/.stmcufinder/plugins/mcufinder/ => /home/hk/.stmcufinder/plugins/mcufinder
2024-03-04 10:15:04,875 [WARN] DbFile:41 - Overriding database path with different value: /home/hk/.stmcufinder/plugins/mcufinder/ => /home/hk/.stmcufinder/plugins/mcufinder
2024-03-04 10:15:04,875 [INFO] CrossReferenceDbSqlite:203 - Set database path to: /home/hk/.stmcufinder/plugins/mcufinder//mcu/cs/
2024-03-04 10:15:04,923 [INFO] MainPanel:264 - HeapMemory: 268435456
2024-03-04 10:15:04,985 [INFO] DbMcusXml:78 - Set database path to: /opt/st/stm32cubeide_1.14.0/plugins/com.st.stm32cube.common.mx_6.10.0.202311202037//db//mcu/
2024-03-04 10:15:04,985 [INFO] ApiDb:274 - Set plugin database path to: /opt/st/stm32cubeide_1.14.0/plugins/com.st.stm32cube.common.mx_6.10.0.202311202037//db//plugins/boardmanager/
2024-03-04 10:15:04,985 [INFO] ApiDb:261 - Set plugin images path to: /opt/st/stm32cubeide_1.14.0/plugins/com.st.stm32cube.common.mx_6.10.0.202311202037//db//plugins/mcufinder/images/
2024-03-04 10:15:04,986 [WARN] DbFile:41 - Overriding database path with different value: /home/hk/.stmcufinder/plugins/mcufinder/ => /home/hk/.stmcufinder/plugins/mcufinder
2024-03-04 10:15:04,986 [INFO] ApiDb:250 - Set database path to: /home/hk/.stmcufinder/plugins/mcufinder//mcu/
2024-03-04 10:15:04,986 [WARN] DbFile:41 - Overriding database path with different value: /home/hk/.stmcufinder/plugins/mcufinder/ => /home/hk/.stmcufinder/plugins/mcufinder
2024-03-04 10:15:04,986 [INFO] DbMcusAds:125 - Set database path to: /home/hk/.stmcufinder/plugins/mcufinder//mcu/
2024-03-04 10:15:04,986 [WARN] DbFile:41 - Overriding database path with different value: /home/hk/.stmcufinder/plugins/mcufinder/ => /home/hk/.stmcufinder/plugins/mcufinder
2024-03-04 10:15:04,986 [WARN] DbFile:41 - Overriding database path with different value: /home/hk/.stmcufinder/plugins/mcufinder/ => /home/hk/.stmcufinder/plugins/mcufinder
2024-03-04 10:15:04,986 [INFO] CrossReferenceDbSqlite:203 - Set database path to: /home/hk/.stmcufinder/plugins/mcufinder//mcu/cs/
2024-03-04 10:15:04,997 [INFO] ApplicationProperties:184 - Using Application install path: /opt/st/stm32cubeide_1.14.0/plugins/com.st.stm32cube.common.mx_6.10.0.202311202037
2024-03-04 10:15:04,998 [INFO] PluginManage:196 - Search for loadable plugins [exclusion list=, ]
2024-03-04 10:15:04,999 [INFO] PluginManage:310 - Check plugin analytics
2024-03-04 10:15:05,099 [INFO] AnalyticsPlugin:253 - Accepted Software Licenses: 
2024-03-04 10:15:05,099 [INFO] AnalyticsPlugin:255 - Accepted CMSIS Pack Licenses: 
2024-03-04 10:15:05,100 [INFO] AnalyticsPlugin:257 - Accepted Firmware Licenses: FW.G0.1.6.0,FW.L4.1.18.0
2024-03-04 10:15:05,101 [INFO] PluginManage:359 - Loaded plugin analytics (category:tool,tabindex:-1)
2024-03-04 10:15:05,102 [INFO] PluginManage:310 - Check plugin cadmodel
2024-03-04 10:15:05,121 [INFO] CADModel:105 - Init CAD model plugin
2024-03-04 10:15:05,122 [INFO] PluginManage:359 - Loaded plugin cadmodel (category:power,tabindex:5)
2024-03-04 10:15:05,122 [INFO] PluginManage:310 - Check plugin clock
2024-03-04 10:15:05,129 [INFO] PluginManage:359 - Loaded plugin clock (category:base,tabindex:2)
2024-03-04 10:15:05,129 [INFO] PluginManage:310 - Check plugin ddr
2024-03-04 10:15:05,131 [INFO] PluginManage:359 - Loaded plugin ddr (category:tool,tabindex:6)
2024-03-04 10:15:05,131 [INFO] PluginManage:310 - Check plugin filemanager
2024-03-04 10:15:05,231 [INFO] PluginManage:359 - Loaded plugin filemanager (category:base,tabindex:10)
2024-03-04 10:15:05,231 [INFO] PluginManage:310 - Check plugin ipmanager
2024-03-04 10:15:05,236 [INFO] PluginManage:359 - Loaded plugin ipmanager (category:base,tabindex:5)
2024-03-04 10:15:05,236 [INFO] PluginManage:310 - Check plugin lpbam
2024-03-04 10:15:05,243 [INFO] PluginManage:359 - Loaded plugin lpbam (category:base,tabindex:0)
2024-03-04 10:15:05,243 [INFO] PluginManage:310 - Check plugin memorymap
2024-03-04 10:15:05,252 [INFO] PluginManage:359 - Loaded plugin memorymap (category:base,tabindex:4)
2024-03-04 10:15:05,252 [INFO] PluginManage:310 - Check plugin pinoutandconfiguration
2024-03-04 10:15:05,258 [INFO] PluginManage:359 - Loaded plugin pinoutandconfiguration (category:base,tabindex:1)
2024-03-04 10:15:05,258 [INFO] PluginManage:310 - Check plugin pinoutconfig
2024-03-04 10:15:05,316 [WARN] SupportedApi:132 - Cannot load RTOS API schema: s4s-elt-must-match.1: The content of 'definitions' must match (annotation?, (simpleType | complexType)?, (unique | key | keyref)*)). A problem was found starting at: attribute.
2024-03-04 10:15:05,426 [INFO] PluginManage:359 - Loaded plugin pinoutconfig (category:base,tabindex:0)
2024-03-04 10:15:05,426 [INFO] PluginManage:310 - Check plugin power
2024-03-04 10:15:05,433 [INFO] PluginManage:359 - Loaded plugin power (category:power,tabindex:4)
2024-03-04 10:15:05,433 [INFO] PluginManage:310 - Check plugin projectmanager
2024-03-04 10:15:05,444 [INFO] PluginManage:359 - Loaded plugin projectmanager (category:projectmanager,tabindex:3)
2024-03-04 10:15:05,444 [INFO] PluginManage:310 - Check plugin thirdparty
2024-03-04 10:15:05,529 [WARN] IntegrityCheckThread:84 - waiting for thirdparty lock release [integrity check]
2024-03-04 10:15:05,529 [INFO] PluginManage:359 - Loaded plugin thirdparty (category:base,tabindex:-1)
2024-03-04 10:15:05,529 [INFO] IntegrityCheckThread:86 - entering critical section [integrity check]
2024-03-04 10:15:05,529 [INFO] PluginManage:310 - Check plugin tools
2024-03-04 10:15:05,529 [INFO] ThirdPartyUpdaterWithRetryManager:70 - Updater plugin not ready yet. [1/15]
2024-03-04 10:15:05,531 [INFO] PluginManage:359 - Loaded plugin tools (category:base,tabindex:7)
2024-03-04 10:15:05,531 [INFO] PluginManage:310 - Check plugin tutovideos
2024-03-04 10:15:05,655 [INFO] PluginManage:359 - Loaded plugin tutovideos (category:base,tabindex:-1)
2024-03-04 10:15:05,655 [INFO] PluginManage:310 - Check plugin updater
2024-03-04 10:15:05,664 [INFO] PluginManage:359 - Loaded plugin updater (category:base,tabindex:12)
2024-03-04 10:15:05,664 [INFO] PluginManage:310 - Check plugin userauth
2024-03-04 10:15:05,669 [INFO] UserAuth:114 - Init User Auth plugin
2024-03-04 10:15:05,669 [INFO] PluginManage:359 - Loaded plugin userauth (category:base,tabindex:14)
2024-03-04 10:15:05,669 [INFO] PluginManage:283 - PluginManage : Loaded plugins [17]
2024-03-04 10:15:05,818 [INFO] PinOutPanel:1499 - setPackage(No Configuration,No Configuration)
2024-03-04 10:15:05,883 [INFO] CADModel:165 - CPN selected for project level
2024-03-04 10:15:05,884 [INFO] CADModel:114 - Register for checkConnection events
2024-03-04 10:15:05,903 [INFO] IPUIPlugin:80 - create IPUIPlugin
2024-03-04 10:15:05,903 [INFO] PluginManager:220 - loadIPPluginJar : add pdm2pcm
2024-03-04 10:15:05,905 [INFO] IPUIPlugin:80 - create IPUIPlugin
2024-03-04 10:15:05,905 [INFO] PluginManager:220 - loadIPPluginJar : add hash
2024-03-04 10:15:05,911 [INFO] IPUIPlugin:80 - create IPUIPlugin
2024-03-04 10:15:05,911 [INFO] PluginManager:220 - loadIPPluginJar : add resmgrutility
2024-03-04 10:15:05,914 [INFO] IPUIPlugin:80 - create IPUIPlugin
2024-03-04 10:15:05,914 [INFO] PluginManager:220 - loadIPPluginJar : add i2c
2024-03-04 10:15:05,922 [INFO] IPUIPlugin:80 - create IPUIPlugin
2024-03-04 10:15:05,923 [INFO] PluginManager:220 - loadIPPluginJar : add linkedlist
2024-03-04 10:15:05,926 [INFO] IPUIPlugin:80 - create IPUIPlugin
2024-03-04 10:15:05,927 [INFO] PluginManager:220 - loadIPPluginJar : add spi
2024-03-04 10:15:05,930 [INFO] IPUIPlugin:80 - create IPUIPlugin
2024-03-04 10:15:05,930 [INFO] PluginManager:220 - loadIPPluginJar : add i2s
2024-03-04 10:15:05,933 [INFO] IPUIPlugin:80 - create IPUIPlugin
2024-03-04 10:15:05,933 [INFO] PluginManager:220 - loadIPPluginJar : add can
2024-03-04 10:15:05,935 [INFO] IPUIPlugin:80 - create IPUIPlugin
2024-03-04 10:15:05,935 [INFO] PluginManager:220 - loadIPPluginJar : add usart
2024-03-04 10:15:05,937 [INFO] IPUIPlugin:80 - create IPUIPlugin
2024-03-04 10:15:05,937 [INFO] PluginManager:220 - loadIPPluginJar : add quadspi
2024-03-04 10:15:05,938 [INFO] IPUIPlugin:80 - create IPUIPlugin
2024-03-04 10:15:05,938 [INFO] PluginManager:220 - loadIPPluginJar : add aes
2024-03-04 10:15:05,946 [INFO] IPUIPlugin:80 - create IPUIPlugin
2024-03-04 10:15:05,949 [INFO] PluginManager:220 - loadIPPluginJar : add plateformsettings
2024-03-04 10:15:05,955 [INFO] IPUIPlugin:80 - create IPUIPlugin
2024-03-04 10:15:05,955 [INFO] PluginManager:220 - loadIPPluginJar : add gic
2024-03-04 10:15:05,957 [INFO] IPUIPlugin:80 - create IPUIPlugin
2024-03-04 10:15:05,957 [INFO] PluginManager:220 - loadIPPluginJar : add tsc
2024-03-04 10:15:05,960 [INFO] IPUIPlugin:80 - create IPUIPlugin
2024-03-04 10:15:05,960 [INFO] PluginManager:220 - loadIPPluginJar : add opamp
2024-03-04 10:15:05,963 [INFO] IPUIPlugin:80 - create IPUIPlugin
2024-03-04 10:15:05,963 [INFO] PluginManager:220 - loadIPPluginJar : add cryp
2024-03-04 10:15:05,964 [INFO] IPUIPlugin:80 - create IPUIPlugin
2024-03-04 10:15:05,965 [INFO] PluginManager:220 - loadIPPluginJar : add tracer_emb
2024-03-04 10:15:05,972 [INFO] IPUIPlugin:80 - create IPUIPlugin
2024-03-04 10:15:05,972 [INFO] PluginManager:220 - loadIPPluginJar : add freertos
2024-03-04 10:15:05,981 [INFO] IPUIPlugin:80 - create IPUIPlugin
2024-03-04 10:15:05,981 [INFO] PluginManager:220 - loadIPPluginJar : add mdma
2024-03-04 10:15:05,984 [INFO] IPUIPlugin:80 - create IPUIPlugin
2024-03-04 10:15:05,984 [INFO] PluginManager:220 - loadIPPluginJar : add dfsdm
2024-03-04 10:15:05,992 [INFO] IPUIPlugin:80 - create IPUIPlugin
2024-03-04 10:15:05,993 [INFO] PluginManager:220 - loadIPPluginJar : add adc
2024-03-04 10:15:05,997 [INFO] IPUIPlugin:80 - create IPUIPlugin
2024-03-04 10:15:05,998 [INFO] PluginManager:220 - loadIPPluginJar : add ipddr
2024-03-04 10:15:06,004 [INFO] IPUIPlugin:80 - create IPUIPlugin
2024-03-04 10:15:06,004 [INFO] PluginManager:220 - loadIPPluginJar : add dma
2024-03-04 10:15:06,010 [INFO] IPUIPlugin:80 - create IPUIPlugin
2024-03-04 10:15:06,011 [INFO] PluginManager:220 - loadIPPluginJar : add stm32_wpan
2024-03-04 10:15:06,016 [INFO] IPUIPlugin:80 - create IPUIPlugin
2024-03-04 10:15:06,017 [INFO] PluginManager:220 - loadIPPluginJar : add nvic
2024-03-04 10:15:06,018 [INFO] IPUIPlugin:80 - create IPUIPlugin
2024-03-04 10:15:06,018 [INFO] PluginManager:220 - loadIPPluginJar : add tim
2024-03-04 10:15:06,021 [INFO] IPUIPlugin:80 - create IPUIPlugin
2024-03-04 10:15:06,021 [INFO] PluginManager:220 - loadIPPluginJar : add sai
2024-03-04 10:15:06,022 [INFO] IPUIPlugin:80 - create IPUIPlugin
2024-03-04 10:15:06,022 [INFO] PluginManager:220 - loadIPPluginJar : add gfxmmu
2024-03-04 10:15:06,024 [INFO] IPUIPlugin:80 - create IPUIPlugin
2024-03-04 10:15:06,025 [INFO] PluginManager:220 - loadIPPluginJar : add openamp
2024-03-04 10:15:06,027 [INFO] IPUIPlugin:80 - create IPUIPlugin
2024-03-04 10:15:06,027 [INFO] PluginManager:220 - loadIPPluginJar : add touchsensing
2024-03-04 10:15:06,027 [INFO] IPUIPlugin:80 - create IPUIPlugin
2024-03-04 10:15:06,028 [INFO] PluginManager:220 - loadIPPluginJar : add genericplugin
2024-03-04 10:15:06,029 [INFO] IPUIPlugin:80 - create IPUIPlugin
2024-03-04 10:15:06,029 [INFO] PluginManager:220 - loadIPPluginJar : add ts
2024-03-04 10:15:06,034 [INFO] IPUIPlugin:80 - create IPUIPlugin
2024-03-04 10:15:06,034 [INFO] PluginManager:220 - loadIPPluginJar : add fmc
2024-03-04 10:15:06,036 [INFO] IPUIPlugin:80 - create IPUIPlugin
2024-03-04 10:15:06,036 [INFO] PluginManager:220 - loadIPPluginJar : add ucpd
2024-03-04 10:15:06,038 [INFO] IPUIPlugin:80 - create IPUIPlugin
2024-03-04 10:15:06,038 [INFO] PluginManager:220 - loadIPPluginJar : add usbx
2024-03-04 10:15:06,040 [INFO] IPUIPlugin:80 - create IPUIPlugin
2024-03-04 10:15:06,040 [INFO] PluginManager:220 - loadIPPluginJar : add lorawan
2024-03-04 10:15:06,042 [INFO] IPUIPlugin:80 - create IPUIPlugin
2024-03-04 10:15:06,042 [INFO] PluginManager:220 - loadIPPluginJar : add i3c
2024-03-04 10:15:06,043 [INFO] IPUIPlugin:80 - create IPUIPlugin
2024-03-04 10:15:06,043 [INFO] PluginManager:220 - loadIPPluginJar : add fatfs
2024-03-04 10:15:06,044 [INFO] IPUIPlugin:80 - create IPUIPlugin
2024-03-04 10:15:06,044 [INFO] PluginManager:220 - loadIPPluginJar : add dma3
2024-03-04 10:15:06,046 [INFO] IPUIPlugin:80 - create IPUIPlugin
2024-03-04 10:15:06,046 [INFO] PluginManager:220 - loadIPPluginJar : add comp
2024-03-04 10:15:06,051 [INFO] IPUIPlugin:80 - create IPUIPlugin
2024-03-04 10:15:06,051 [INFO] PluginManager:220 - loadIPPluginJar : add gpio
2024-03-04 10:15:06,054 [INFO] IPUIPlugin:80 - create IPUIPlugin
2024-03-04 10:15:06,054 [INFO] PluginManager:220 - loadIPPluginJar : add gtzc
2024-03-04 10:15:06,055 [INFO] IPUIPlugin:80 - create IPUIPlugin
2024-03-04 10:15:06,055 [INFO] PluginManager:220 - loadIPPluginJar : add ltdc
2024-03-04 10:15:06,161 [INFO] CADModel:165 - CPN selected for project level
2024-03-04 10:15:06,161 [INFO] CADModel:114 - Register for checkConnection events
2024-03-04 10:15:06,161 [FATAL] Updater:308 - Updater called before beeing initialized
2024-03-04 10:15:06,161 [ERROR] CADModel:125 - Updater not yet initialized, retry later 
2024-03-04 10:15:06,291 [INFO] CADModel:165 - CPN selected for project level
2024-03-04 10:15:06,291 [INFO] CADModel:114 - Register for checkConnection events
2024-03-04 10:15:06,291 [FATAL] Updater:308 - Updater called before beeing initialized
2024-03-04 10:15:06,291 [ERROR] CADModel:125 - Updater not yet initialized, retry later 
2024-03-04 10:15:06,295 [FATAL] Updater:308 - Updater called before beeing initialized
2024-03-04 10:15:06,383 [FATAL] Updater:308 - Updater called before beeing initialized
2024-03-04 10:15:06,387 [INFO] DbMcusAds:53 - JSON generation date=Wed Nov 29 13:52:27 TRT 2023 (1701255147349)
2024-03-04 10:15:06,388 [FATAL] Updater:308 - Updater called before beeing initialized
2024-03-04 10:15:06,420 [WARN] DetailPanel:346 - Failed to get advertising image, set to default
2024-03-04 10:15:06,498 [FATAL] Updater:308 - Updater called before beeing initialized
2024-03-04 10:15:06,499 [FATAL] Updater:308 - Updater called before beeing initialized
2024-03-04 10:15:06,499 [FATAL] Updater:308 - Updater called before beeing initialized
2024-03-04 10:15:06,500 [WARN] DetailPanel:346 - Failed to get advertising image, set to default
2024-03-04 10:15:06,500 [FATAL] Updater:308 - Updater called before beeing initialized
2024-03-04 10:15:06,524 [ERROR] Updater:1120 - MainUpdater not yet initialized. External WinMGr cannot be set.
2024-03-04 10:15:06,525 [INFO] Updater:1056 - Updater Version found : 6.10.0
2024-03-04 10:15:06,539 [INFO] ApplicationProperties:184 - Using Application install path: /opt/st/stm32cubeide_1.14.0/plugins/com.st.stm32cube.common.mx_6.10.0.202311202037
2024-03-04 10:15:06,744 [INFO] MainUpdater:2873 - connection check result : 10
2024-03-04 10:15:06,745 [INFO] MainUpdater:290 - Updater Check For Update Now.
2024-03-04 10:15:06,745 [INFO] MicroXplorer:498 - Change Database Version : DB.6.0.100
2024-03-04 10:15:06,750 [INFO] McuFinderGlobals:63 - Set McuFinder mode to 2 (CubeIDE integrated)
2024-03-04 10:15:06,898 [INFO] CheckServerUpdateThread:120 - End of CheckServer Thread
2024-03-04 10:15:07,171 [INFO] UserAuth:404 - Internet connection configuration mode: 1
2024-03-04 10:15:07,185 [INFO] JxBrowserEngine:152 - Initiate JxBrowser Engine with user profile folder
2024-03-04 10:15:07,908 [INFO] WebApp:161 - Instantiating new browser for Auth
2024-03-04 10:15:08,326 [INFO] WebApp:780 - Register for checkConnection events
2024-03-04 10:15:08,326 [INFO] WebApp:414 - Apply proxy settings
2024-03-04 10:15:08,326 [INFO] WebApp:499 - Chromium requires no authentication
2024-03-04 10:15:08,331 [INFO] WebApp:442 - Direct internet connection detected
2024-03-04 10:15:08,422 [INFO] WebApp:192 - Starting web application
2024-03-04 10:15:08,422 [INFO] WebApp:544 - Web application path used /opt/st/stm32cubeide_1.14.0/plugins/com.st.stm32cube.common.mx_6.10.0.202311202037/db/plugins/mcufinder/reactClient1/index.html
2024-03-04 10:15:08,580 [WARN] PackLoader:240 - Cannot read IP mode file for STMicroelectronics.X-CUBE-SMBUS.2.1.0
2024-03-04 10:15:08,584 [WARN] PackLoader:240 - Cannot read IP mode file for STMicroelectronics.X-CUBE-TOUCHGFX.4.23.0
2024-03-04 10:15:08,597 [WARN] PackLoader:240 - Cannot read IP mode file for STMicroelectronics.X-CUBE-AZRTOS-F7.1.1.0
2024-03-04 10:15:08,603 [WARN] PackLoader:240 - Cannot read IP mode file for STMicroelectronics.FP-SNS-MOTENV1.4.3.2
2024-03-04 10:15:08,610 [WARN] PackLoader:240 - Cannot read IP mode file for STMicroelectronics.FP-SNS-FLIGHT1.5.0.2
2024-03-04 10:15:08,621 [WARN] PackLoader:240 - Cannot read IP mode file for STMicroelectronics.X-CUBE-DISPLAY.3.0.0
2024-03-04 10:15:08,637 [WARN] PackLoader:240 - Cannot read IP mode file for STMicroelectronics.X-CUBE-BLE1.7.0.0
2024-03-04 10:15:08,645 [WARN] PackLoader:240 - Cannot read IP mode file for emotas.I-CUBE-CANOPEN.1.3.0
2024-03-04 10:15:08,648 [WARN] PackLoader:240 - Cannot read IP mode file for STMicroelectronics.X-CUBE-TOUCHGFX.4.22.1
2024-03-04 10:15:08,661 [WARN] PackLoader:240 - Cannot read IP mode file for STMicroelectronics.X-CUBE-BLEMGR.3.1.0
2024-03-04 10:15:08,677 [WARN] PackLoader:240 - Cannot read IP mode file for STMicroelectronics.FP-SNS-SMARTAG2.1.2.0
2024-03-04 10:15:08,686 [INFO] LogOutputStream:77 - [STDOUT_REDIRECT] 1 : Invalid condition id : UX_CORESTACK_Condition cause : null
2024-03-04 10:15:08,687 [INFO] LogOutputStream:77 - [STDOUT_REDIRECT] 1 : Invalid condition id : UX_CORESTACK_Condition cause : null
2024-03-04 10:15:08,687 [INFO] LogOutputStream:77 - [STDOUT_REDIRECT] 1 : Invalid condition id : UX_CORESTACK_Condition cause : null
2024-03-04 10:15:08,687 [INFO] LogOutputStream:77 - [STDOUT_REDIRECT] 1 : Invalid condition id : UX_CORESTACK_Condition cause : null
2024-03-04 10:15:08,688 [INFO] LogOutputStream:77 - [STDOUT_REDIRECT] 1 : Invalid condition id : UX_CORESTACK_Condition cause : null
2024-03-04 10:15:08,691 [WARN] PackLoader:240 - Cannot read IP mode file for STMicroelectronics.X-CUBE-AZRTOS-WL.2.0.0
2024-03-04 10:15:08,698 [WARN] PackLoader:240 - Cannot read IP mode file for WES.I-CUBE-Cesium.1.3.0
2024-03-04 10:15:08,702 [WARN] PackLoader:240 - Cannot read IP mode file for STMicroelectronics.X-CUBE-BLE2.3.3.0
2024-03-04 10:15:08,709 [WARN] PackLoader:240 - Cannot read IP mode file for STMicroelectronics.X-CUBE-ALGOBUILD.1.3.0
2024-03-04 10:15:08,724 [WARN] PackLoader:240 - Cannot read IP mode file for STMicroelectronics.X-CUBE-AZRTOS-G0.1.1.0
2024-03-04 10:15:08,731 [WARN] PackLoader:240 - Cannot read IP mode file for STMicroelectronics.X-CUBE-NFC4.3.0.0
2024-03-04 10:15:08,738 [WARN] PackLoader:240 - Cannot read IP mode file for STMicroelectronics.X-CUBE-BLEMGR.3.0.0
2024-03-04 10:15:08,744 [WARN] PackLoader:240 - Cannot read IP mode file for STMicroelectronics.FP-ATR-SIGFOX1.3.2.0
2024-03-04 10:15:08,748 [WARN] PackLoader:240 - Cannot read IP mode file for STMicroelectronics.X-CUBE-EEPRMA1.5.1.0
2024-03-04 10:15:08,774 [WARN] PackLoader:240 - Cannot read IP mode file for SEGGER.I-CUBE-embOS.1.3.1
2024-03-04 10:15:08,815 [WARN] PackLoader:240 - Cannot read IP mode file for STMicroelectronics.X-CUBE-GNSS1.6.0.0
2024-03-04 10:15:08,835 [WARN] PackLoader:240 - Cannot read IP mode file for STMicroelectronics.X-CUBE-AZRTOS-F4.1.1.0
2024-03-04 10:15:08,846 [WARN] PackLoader:240 - Cannot read IP mode file for wolfSSL.I-CUBE-wolfSSL.5.6.4
2024-03-04 10:15:08,858 [WARN] PackLoader:240 - Cannot read IP mode file for STMicroelectronics.X-CUBE-AZRTOS-L5.2.0.0
2024-03-04 10:15:08,873 [WARN] PackLoader:240 - Cannot read IP mode file for STMicroelectronics.X-CUBE-EEPRMA1.4.2.0
2024-03-04 10:15:08,879 [WARN] PackLoader:240 - Cannot read IP mode file for ITTIA_DB.I-CUBE-ITTIADB.8.8.0
2024-03-04 10:15:08,886 [WARN] PackLoader:240 - Cannot read IP mode file for STMicroelectronics.X-CUBE-NFC7.1.0.1
2024-03-04 10:15:08,894 [WARN] PackLoader:240 - Cannot read IP mode file for STMicroelectronics.X-CUBE-NFC6.3.0.0
2024-03-04 10:15:08,901 [WARN] PackLoader:240 - Cannot read IP mode file for STMicroelectronics.X-CUBE-AI.8.1.0
2024-03-04 10:15:08,916 [WARN] ConditionMgr:438 - getConditionDescription Invalid condition id : LAN8742 Phy interface Condition cause : null
2024-03-04 10:15:08,916 [WARN] PackLoader:240 - Cannot read IP mode file for STMicroelectronics.X-CUBE-AZRTOS-L4.2.0.0
2024-03-04 10:15:08,918 [WARN] ConditionMgr:1039 - genDependencies : Invalid condition id : LAN8742 Phy interface Condition cause : null
2024-03-04 10:15:08,918 [WARN] ConditionMgr:1039 - genDependencies : Invalid condition id : LAN8742 Phy interface Condition cause : null
2024-03-04 10:15:08,919 [WARN] ConditionMgr:1039 - genDependencies : Invalid condition id : LAN8742 Phy interface Condition cause : null
2024-03-04 10:15:08,926 [WARN] PackLoader:240 - Cannot read IP mode file for STMicroelectronics.X-CUBE-SFXS2LP1.4.0.0
2024-03-04 10:15:08,934 [WARN] ConditionMgr:438 - getConditionDescription Invalid condition id : UX DEVICE CLASS RTOS Condition cause : null
2024-03-04 10:15:08,935 [WARN] ConditionMgr:438 - getConditionDescription Invalid condition id : UX DEVICE CLASS RTOS Condition cause : null
2024-03-04 10:15:08,936 [WARN] PackLoader:240 - Cannot read IP mode file for STMicroelectronics.X-CUBE-AZRTOS-WB.2.0.0
2024-03-04 10:15:08,936 [WARN] ConditionMgr:1039 - genDependencies : Invalid condition id : UX DEVICE CLASS RTOS Condition cause : null
2024-03-04 10:15:08,937 [WARN] ConditionMgr:1039 - genDependencies : Invalid condition id : UX DEVICE CLASS RTOS Condition cause : null
2024-03-04 10:15:08,937 [WARN] ConditionMgr:1039 - genDependencies : Invalid condition id : UX DEVICE CLASS RTOS Condition cause : null
2024-03-04 10:15:08,937 [WARN] ConditionMgr:1039 - genDependencies : Invalid condition id : UX DEVICE CLASS RTOS Condition cause : null
2024-03-04 10:15:08,937 [WARN] ConditionMgr:1039 - genDependencies : Invalid condition id : UX DEVICE CLASS RTOS Condition cause : null
2024-03-04 10:15:08,946 [WARN] PackLoader:240 - Cannot read IP mode file for STMicroelectronics.X-CUBE-SUBG2.5.0.0
2024-03-04 10:15:08,958 [WARN] PackLoader:240 - Cannot read IP mode file for STMicroelectronics.X-CUBE-AZRTOS-G4.2.0.0
2024-03-04 10:15:08,967 [WARN] PackLoader:240 - Cannot read IP mode file for Infineon.AIROC-Wi-Fi-Bluetooth-STM32.1.5.1
2024-03-04 10:15:08,976 [WARN] PackLoader:240 - Cannot read IP mode file for STMicroelectronics.FP-SNS-MOTENVWB1.1.3.1
2024-03-04 10:15:08,979 [WARN] PackLoader:240 - Cannot read IP mode file for STMicroelectronics.X-CUBE-ISPU.2.0.0
2024-03-04 10:15:09,006 [WARN] PackLoader:240 - Cannot read IP mode file for STMicroelectronics.X-CUBE-MEMS1.10.0.0
2024-03-04 10:15:09,089 [WARN] PackLoader:240 - Cannot read IP mode file for STMicroelectronics.X-CUBE-FREERTOS.1.1.0
2024-03-04 10:15:09,096 [WARN] PackLoader:240 - Cannot read IP mode file for portGmbH.I-Cube-SoM-uGOAL.1.1.0
2024-03-04 10:15:09,103 [WARN] PackLoader:240 - Cannot read IP mode file for STMicroelectronics.X-CUBE-ALS.1.0.1
2024-03-04 10:15:09,111 [WARN] PackLoader:240 - Cannot read IP mode file for STMicroelectronics.FP-ATR-ASTRA1.2.0.0
2024-03-04 10:15:09,128 [WARN] PackLoader:240 - Cannot read IP mode file for STMicroelectronics.X-CUBE-TOF1.3.4.0
2024-03-04 10:15:09,152 [WARN] PackLoader:240 - Cannot read IP mode file for STMicroelectronics.X-CUBE-AZRTOS-H7.3.2.0
2024-03-04 10:15:09,157 [INFO] ThirdParty:978 - Integrity check success = true
2024-03-04 10:15:09,158 [INFO] IntegrityCheckThread:100 - exiting critical section [integrity check]
2024-03-04 10:15:09,158 [INFO] IntegrityCheckThread:103 - End integrity checks thread
2024-03-04 10:15:28,715 [ERROR] LogOutputStream:75 - [STDERR_REDIRECT] SLF4J: Failed to load class "org.slf4j.impl.StaticLoggerBinder".
2024-03-04 10:15:28,715 [ERROR] LogOutputStream:75 - [STDERR_REDIRECT] SLF4J: Defaulting to no-operation (NOP) logger implementation
2024-03-04 10:15:28,715 [ERROR] LogOutputStream:75 - [STDERR_REDIRECT] SLF4J: See http://www.slf4j.org/codes.html#StaticLoggerBinder for further details.
2024-03-04 12:39:55,032 [ERROR] LogOutputStream:75 - [STDERR_REDIRECT] 
